{"/home/travis/build/npmtest/node-npmtest-raven-js/test.js":{"path":"/home/travis/build/npmtest/node-npmtest-raven-js/test.js","s":{"1":2,"2":2,"3":2,"4":2,"5":2,"6":2,"7":2,"8":1,"9":2,"10":2,"11":1,"12":1,"13":1,"14":1,"15":2,"16":2,"17":2,"18":2,"19":1,"20":1,"21":2,"22":2,"23":2,"24":1,"25":1,"26":1,"27":1,"28":1,"29":1,"30":1,"31":1,"32":1,"33":1,"34":1,"35":1,"36":1,"37":1,"38":1,"39":2,"40":2,"41":1,"42":2,"43":2,"44":1,"45":2,"46":2,"47":1,"48":2,"49":2,"50":1,"51":1,"52":1,"53":1,"54":1},"b":{"1":[2,1,1,1],"2":[1,1,1,1],"3":[1,1],"4":[1,1],"5":[1,1],"6":[1,1],"7":[1,1],"8":[1,1],"9":[1,1],"10":[1,1,1],"11":[1,1],"12":[1,1],"13":[1,1],"14":[1,1],"15":[1,1],"16":[1,1],"17":[1,1]},"f":{"1":2,"2":2,"3":2,"4":2,"5":2,"6":1,"7":1,"8":1,"9":2,"10":2,"11":2,"12":2,"13":1},"fnMap":{"1":{"name":"(anonymous_1)","line":12,"loc":{"start":{"line":12,"column":1},"end":{"line":12,"column":13}}},"2":{"name":"(anonymous_2)","line":19,"loc":{"start":{"line":19,"column":5},"end":{"line":19,"column":17}}},"3":{"name":"(anonymous_3)","line":23,"loc":{"start":{"line":23,"column":24},"end":{"line":23,"column":36}}},"4":{"name":"(anonymous_4)","line":61,"loc":{"start":{"line":61,"column":5},"end":{"line":61,"column":17}}},"5":{"name":"(anonymous_5)","line":82,"loc":{"start":{"line":82,"column":5},"end":{"line":82,"column":17}}},"6":{"name":"(anonymous_6)","line":91,"loc":{"start":{"line":91,"column":77},"end":{"line":94,"column":10}}},"7":{"name":"(anonymous_7)","line":112,"loc":{"start":{"line":112,"column":83},"end":{"line":115,"column":10}},"skip":true},"8":{"name":"(anonymous_8)","line":123,"loc":{"start":{"line":123,"column":77},"end":{"line":126,"column":10}},"skip":true},"9":{"name":"(anonymous_9)","line":139,"loc":{"start":{"line":139,"column":12},"end":{"line":139,"column":40}},"skip":true},"10":{"name":"(anonymous_10)","line":147,"loc":{"start":{"line":147,"column":77},"end":{"line":150,"column":10}},"skip":true},"11":{"name":"(anonymous_11)","line":158,"loc":{"start":{"line":158,"column":83},"end":{"line":161,"column":10}},"skip":true},"12":{"name":"(anonymous_12)","line":169,"loc":{"start":{"line":169,"column":79},"end":{"line":172,"column":10}},"skip":true},"13":{"name":"(anonymous_13)","line":180,"loc":{"start":{"line":180,"column":75},"end":{"line":183,"column":10}},"skip":true}},"statementMap":{"1":{"start":{"line":12,"column":0},"end":{"line":195,"column":5}},"2":{"start":{"line":14,"column":4},"end":{"line":14,"column":14}},"3":{"start":{"line":19,"column":4},"end":{"line":56,"column":9}},"4":{"start":{"line":21,"column":8},"end":{"line":21,"column":19}},"5":{"start":{"line":23,"column":8},"end":{"line":35,"column":13}},"6":{"start":{"line":24,"column":12},"end":{"line":34,"column":13}},"7":{"start":{"line":25,"column":16},"end":{"line":28,"column":30}},"8":{"start":{"line":30,"column":16},"end":{"line":33,"column":27}},"9":{"start":{"line":37,"column":8},"end":{"line":39,"column":21}},"10":{"start":{"line":40,"column":8},"end":{"line":53,"column":9}},"11":{"start":{"line":43,"column":12},"end":{"line":46,"column":14}},"12":{"start":{"line":47,"column":12},"end":{"line":47,"column":18}},"13":{"start":{"line":50,"column":12},"end":{"line":51,"column":33}},"14":{"start":{"line":52,"column":12},"end":{"line":52,"column":18}},"15":{"start":{"line":55,"column":8},"end":{"line":55,"column":35}},"16":{"start":{"line":61,"column":4},"end":{"line":63,"column":9}},"17":{"start":{"line":62,"column":8},"end":{"line":62,"column":15}},"18":{"start":{"line":64,"column":4},"end":{"line":77,"column":5}},"19":{"start":{"line":70,"column":8},"end":{"line":70,"column":14}},"20":{"start":{"line":76,"column":8},"end":{"line":76,"column":14}},"21":{"start":{"line":82,"column":4},"end":{"line":84,"column":9}},"22":{"start":{"line":83,"column":8},"end":{"line":83,"column":15}},"23":{"start":{"line":85,"column":4},"end":{"line":194,"column":5}},"24":{"start":{"line":91,"column":8},"end":{"line":99,"column":10}},"25":{"start":{"line":98,"column":12},"end":{"line":98,"column":35}},"26":{"start":{"line":102,"column":8},"end":{"line":104,"column":63}},"27":{"start":{"line":105,"column":8},"end":{"line":105,"column":14}},"28":{"start":{"line":112,"column":8},"end":{"line":121,"column":10},"skip":true},"29":{"start":{"line":119,"column":12},"end":{"line":119,"column":55},"skip":true},"30":{"start":{"line":120,"column":12},"end":{"line":120,"column":48},"skip":true},"31":{"start":{"line":123,"column":8},"end":{"line":136,"column":10},"skip":true},"32":{"start":{"line":130,"column":12},"end":{"line":130,"column":76},"skip":true},"33":{"start":{"line":131,"column":12},"end":{"line":131,"column":73},"skip":true},"34":{"start":{"line":132,"column":12},"end":{"line":132,"column":74},"skip":true},"35":{"start":{"line":133,"column":12},"end":{"line":133,"column":79},"skip":true},"36":{"start":{"line":134,"column":12},"end":{"line":134,"column":25},"skip":true},"37":{"start":{"line":135,"column":12},"end":{"line":135,"column":45},"skip":true},"38":{"start":{"line":138,"column":8},"end":{"line":145,"column":14},"skip":true},"39":{"start":{"line":143,"column":16},"end":{"line":143,"column":29},"skip":true},"40":{"start":{"line":144,"column":16},"end":{"line":144,"column":55},"skip":true},"41":{"start":{"line":147,"column":8},"end":{"line":156,"column":10},"skip":true},"42":{"start":{"line":154,"column":12},"end":{"line":154,"column":25},"skip":true},"43":{"start":{"line":155,"column":12},"end":{"line":155,"column":45},"skip":true},"44":{"start":{"line":158,"column":8},"end":{"line":167,"column":10},"skip":true},"45":{"start":{"line":165,"column":12},"end":{"line":165,"column":25},"skip":true},"46":{"start":{"line":166,"column":12},"end":{"line":166,"column":48},"skip":true},"47":{"start":{"line":169,"column":8},"end":{"line":178,"column":10},"skip":true},"48":{"start":{"line":176,"column":12},"end":{"line":176,"column":25},"skip":true},"49":{"start":{"line":177,"column":12},"end":{"line":177,"column":46},"skip":true},"50":{"start":{"line":180,"column":8},"end":{"line":189,"column":10},"skip":true},"51":{"start":{"line":187,"column":12},"end":{"line":187,"column":94},"skip":true},"52":{"start":{"line":188,"column":12},"end":{"line":188,"column":48},"skip":true},"53":{"start":{"line":192,"column":8},"end":{"line":192,"column":35},"skip":true},"54":{"start":{"line":193,"column":8},"end":{"line":193,"column":14},"skip":true}},"branchMap":{"1":{"line":25,"type":"binary-expr","locations":[{"start":{"line":25,"column":23},"end":{"line":25,"column":62}},{"start":{"line":26,"column":20},"end":{"line":26,"column":70}},{"start":{"line":27,"column":20},"end":{"line":27,"column":71}},{"start":{"line":28,"column":20},"end":{"line":28,"column":29}}]},"2":{"line":30,"type":"binary-expr","locations":[{"start":{"line":30,"column":23},"end":{"line":30,"column":37}},{"start":{"line":31,"column":20},"end":{"line":31,"column":61}},{"start":{"line":32,"column":20},"end":{"line":32,"column":70}},{"start":{"line":33,"column":20},"end":{"line":33,"column":26}}]},"3":{"line":37,"type":"cond-expr","locations":[{"start":{"line":38,"column":14},"end":{"line":38,"column":20}},{"start":{"line":39,"column":14},"end":{"line":39,"column":20}}]},"4":{"line":40,"type":"switch","locations":[{"start":{"line":42,"column":8},"end":{"line":47,"column":18}},{"start":{"line":49,"column":8},"end":{"line":52,"column":18}}]},"5":{"line":44,"type":"binary-expr","locations":[{"start":{"line":44,"column":16},"end":{"line":44,"column":44}},{"start":{"line":44,"column":48},"end":{"line":44,"column":66}}]},"6":{"line":50,"type":"binary-expr","locations":[{"start":{"line":50,"column":21},"end":{"line":50,"column":49}},{"start":{"line":50,"column":53},"end":{"line":50,"column":72}}]},"7":{"line":64,"type":"switch","locations":[{"start":{"line":69,"column":4},"end":{"line":70,"column":14}},{"start":{"line":75,"column":4},"end":{"line":76,"column":14}}]},"8":{"line":85,"type":"switch","locations":[{"start":{"line":90,"column":4},"end":{"line":105,"column":14}},{"start":{"line":111,"column":4},"end":{"line":193,"column":14},"skip":true}]},"9":{"line":91,"type":"binary-expr","locations":[{"start":{"line":91,"column":42},"end":{"line":91,"column":73}},{"start":{"line":91,"column":77},"end":{"line":99,"column":9}}]},"10":{"line":102,"type":"binary-expr","locations":[{"start":{"line":102,"column":18},"end":{"line":102,"column":32}},{"start":{"line":103,"column":12},"end":{"line":103,"column":53}},{"start":{"line":104,"column":12},"end":{"line":104,"column":61}}]},"11":{"line":112,"type":"binary-expr","locations":[{"start":{"line":112,"column":45},"end":{"line":112,"column":79},"skip":true},{"start":{"line":112,"column":83},"end":{"line":121,"column":9},"skip":true}]},"12":{"line":123,"type":"binary-expr","locations":[{"start":{"line":123,"column":42},"end":{"line":123,"column":73},"skip":true},{"start":{"line":123,"column":77},"end":{"line":136,"column":9},"skip":true}]},"13":{"line":138,"type":"binary-expr","locations":[{"start":{"line":138,"column":48},"end":{"line":138,"column":85},"skip":true},{"start":{"line":139,"column":12},"end":{"line":145,"column":13},"skip":true}]},"14":{"line":147,"type":"binary-expr","locations":[{"start":{"line":147,"column":42},"end":{"line":147,"column":73},"skip":true},{"start":{"line":147,"column":77},"end":{"line":156,"column":9},"skip":true}]},"15":{"line":158,"type":"binary-expr","locations":[{"start":{"line":158,"column":45},"end":{"line":158,"column":79},"skip":true},{"start":{"line":158,"column":83},"end":{"line":167,"column":9},"skip":true}]},"16":{"line":169,"type":"binary-expr","locations":[{"start":{"line":169,"column":43},"end":{"line":169,"column":75},"skip":true},{"start":{"line":169,"column":79},"end":{"line":178,"column":9},"skip":true}]},"17":{"line":180,"type":"binary-expr","locations":[{"start":{"line":180,"column":41},"end":{"line":180,"column":71},"skip":true},{"start":{"line":180,"column":75},"end":{"line":189,"column":9},"skip":true}]}},"code":["/* istanbul instrument in package npmtest_raven_js */","/*jslint","    bitwise: true,","    browser: true,","    maxerr: 8,","    maxlen: 96,","    node: true,","    nomen: true,","    regexp: true,","    stupid: true","*/","(function () {","    'use strict';","    var local;","","","","    // run shared js-env code - pre-init","    (function () {","        // init local","        local = {};","        // init modeJs","        local.modeJs = (function () {","            try {","                return typeof navigator.userAgent === 'string' &&","                    typeof document.querySelector('body') === 'object' &&","                    typeof XMLHttpRequest.prototype.open === 'function' &&","                    'browser';","            } catch (errorCaughtBrowser) {","                return module.exports &&","                    typeof process.versions.node === 'string' &&","                    typeof require('http').createServer === 'function' &&","                    'node';","            }","        }());","        // init global","        local.global = local.modeJs === 'browser'","            ? window","            : global;","        switch (local.modeJs) {","        // re-init local from window.local","        case 'browser':","            local = local.global.utility2.objectSetDefault(","                local.global.utility2_rollup || local.global.local,","                local.global.utility2","            );","            break;","        // re-init local from example.js","        case 'node':","            local = (local.global.utility2_rollup || require('utility2'))","                .requireReadme();","            break;","        }","        // export local","        local.global.local = local;","    }());","","","","    // run shared js-env code - function","    (function () {","        return;","    }());","    switch (local.modeJs) {","","","","    // run browser js-env code - function","    case 'browser':","        break;","","","","    // run node js-env code - function","    case 'node':","        break;","    }","","","","    // run shared js-env code - post-init","    (function () {","        return;","    }());","    switch (local.modeJs) {","","","","    // run browser js-env code - post-init","    case 'browser':","        local.testCase_browser_nullCase = local.testCase_browser_nullCase || function (","            options,","            onError","        ) {","        /*","         * this function will test browsers's null-case handling-behavior-behavior","         */","            onError(null, options);","        };","","        // run tests","        local.nop(local.modeTest &&","            document.querySelector('#testRunButton1') &&","            document.querySelector('#testRunButton1').click());","        break;","","","","    // run node js-env code - post-init","    /* istanbul ignore next */","    case 'node':","        local.testCase_buildApidoc_default = local.testCase_buildApidoc_default || function (","            options,","            onError","        ) {","        /*","         * this function will test buildApidoc's default handling-behavior-behavior","         */","            options = { modulePathList: module.paths };","            local.buildApidoc(options, onError);","        };","","        local.testCase_buildApp_default = local.testCase_buildApp_default || function (","            options,","            onError","        ) {","        /*","         * this function will test buildApp's default handling-behavior-behavior","         */","            local.testCase_buildReadme_default(options, local.onErrorThrow);","            local.testCase_buildLib_default(options, local.onErrorThrow);","            local.testCase_buildTest_default(options, local.onErrorThrow);","            local.testCase_buildCustomOrg_default(options, local.onErrorThrow);","            options = [];","            local.buildApp(options, onError);","        };","","        local.testCase_buildCustomOrg_default = local.testCase_buildCustomOrg_default ||","            function (options, onError) {","            /*","             * this function will test buildCustomOrg's default handling-behavior","             */","                options = {};","                local.buildCustomOrg(options, onError);","            };","","        local.testCase_buildLib_default = local.testCase_buildLib_default || function (","            options,","            onError","        ) {","        /*","         * this function will test buildLib's default handling-behavior","         */","            options = {};","            local.buildLib(options, onError);","        };","","        local.testCase_buildReadme_default = local.testCase_buildReadme_default || function (","            options,","            onError","        ) {","        /*","         * this function will test buildReadme's default handling-behavior-behavior","         */","            options = {};","            local.buildReadme(options, onError);","        };","","        local.testCase_buildTest_default = local.testCase_buildTest_default || function (","            options,","            onError","        ) {","        /*","         * this function will test buildTest's default handling-behavior","         */","            options = {};","            local.buildTest(options, onError);","        };","","        local.testCase_webpage_default = local.testCase_webpage_default || function (","            options,","            onError","        ) {","        /*","         * this function will test webpage's default handling-behavior","         */","            options = { modeCoverageMerge: true, url: local.serverLocalHost + '?modeTest=1' };","            local.browserTest(options, onError);","        };","","        // run test-server","        local.testRunServer(local);","        break;","    }","}());",""],"l":{"12":2,"14":2,"19":2,"21":2,"23":2,"24":2,"25":2,"30":1,"37":2,"40":2,"43":1,"47":1,"50":1,"52":1,"55":2,"61":2,"62":2,"64":2,"70":1,"76":1,"82":2,"83":2,"85":2,"91":1,"98":1,"102":1,"105":1,"112":1,"119":1,"120":1,"123":1,"130":1,"131":1,"132":1,"133":1,"134":1,"135":1,"138":1,"143":2,"144":2,"147":1,"154":2,"155":2,"158":1,"165":2,"166":2,"169":1,"176":2,"177":2,"180":1,"187":1,"188":1,"192":1,"193":1}},"/home/travis/build/npmtest/node-npmtest-raven-js/lib.npmtest_raven_js.js":{"path":"/home/travis/build/npmtest/node-npmtest-raven-js/lib.npmtest_raven_js.js","s":{"1":2,"2":2,"3":2,"4":2,"5":2,"6":2,"7":2,"8":1,"9":2,"10":2,"11":2,"12":2,"13":1,"14":1,"15":1,"16":1},"b":{"1":[2,1,1,1],"2":[1,1,1,1],"3":[1,1],"4":[2,2],"5":[1,1]},"f":{"1":2,"2":2,"3":2},"fnMap":{"1":{"name":"(anonymous_1)","line":12,"loc":{"start":{"line":12,"column":1},"end":{"line":12,"column":13}}},"2":{"name":"(anonymous_2)","line":19,"loc":{"start":{"line":19,"column":5},"end":{"line":19,"column":17}}},"3":{"name":"(anonymous_3)","line":23,"loc":{"start":{"line":23,"column":24},"end":{"line":23,"column":36}}}},"statementMap":{"1":{"start":{"line":12,"column":0},"end":{"line":53,"column":5}},"2":{"start":{"line":14,"column":4},"end":{"line":14,"column":14}},"3":{"start":{"line":19,"column":4},"end":{"line":52,"column":9}},"4":{"start":{"line":21,"column":8},"end":{"line":21,"column":19}},"5":{"start":{"line":23,"column":8},"end":{"line":35,"column":13}},"6":{"start":{"line":24,"column":12},"end":{"line":34,"column":13}},"7":{"start":{"line":25,"column":16},"end":{"line":28,"column":30}},"8":{"start":{"line":30,"column":16},"end":{"line":33,"column":27}},"9":{"start":{"line":37,"column":8},"end":{"line":39,"column":21}},"10":{"start":{"line":41,"column":8},"end":{"line":41,"column":54}},"11":{"start":{"line":43,"column":8},"end":{"line":43,"column":53}},"12":{"start":{"line":45,"column":8},"end":{"line":51,"column":9}},"13":{"start":{"line":46,"column":12},"end":{"line":46,"column":59}},"14":{"start":{"line":48,"column":12},"end":{"line":48,"column":35}},"15":{"start":{"line":49,"column":12},"end":{"line":49,"column":49}},"16":{"start":{"line":50,"column":12},"end":{"line":50,"column":43}}},"branchMap":{"1":{"line":25,"type":"binary-expr","locations":[{"start":{"line":25,"column":23},"end":{"line":25,"column":62}},{"start":{"line":26,"column":20},"end":{"line":26,"column":70}},{"start":{"line":27,"column":20},"end":{"line":27,"column":71}},{"start":{"line":28,"column":20},"end":{"line":28,"column":29}}]},"2":{"line":30,"type":"binary-expr","locations":[{"start":{"line":30,"column":23},"end":{"line":30,"column":37}},{"start":{"line":31,"column":20},"end":{"line":31,"column":61}},{"start":{"line":32,"column":20},"end":{"line":32,"column":70}},{"start":{"line":33,"column":20},"end":{"line":33,"column":26}}]},"3":{"line":37,"type":"cond-expr","locations":[{"start":{"line":38,"column":14},"end":{"line":38,"column":20}},{"start":{"line":39,"column":14},"end":{"line":39,"column":20}}]},"4":{"line":41,"type":"binary-expr","locations":[{"start":{"line":41,"column":16},"end":{"line":41,"column":44}},{"start":{"line":41,"column":48},"end":{"line":41,"column":53}}]},"5":{"line":45,"type":"if","locations":[{"start":{"line":45,"column":8},"end":{"line":45,"column":8}},{"start":{"line":45,"column":8},"end":{"line":45,"column":8}}]}},"code":["/* istanbul instrument in package npmtest_raven_js */","/*jslint","    bitwise: true,","    browser: true,","    maxerr: 8,","    maxlen: 96,","    node: true,","    nomen: true,","    regexp: true,","    stupid: true","*/","(function () {","    'use strict';","    var local;","","","","    // run shared js-env code - pre-init","    (function () {","        // init local","        local = {};","        // init modeJs","        local.modeJs = (function () {","            try {","                return typeof navigator.userAgent === 'string' &&","                    typeof document.querySelector('body') === 'object' &&","                    typeof XMLHttpRequest.prototype.open === 'function' &&","                    'browser';","            } catch (errorCaughtBrowser) {","                return module.exports &&","                    typeof process.versions.node === 'string' &&","                    typeof require('http').createServer === 'function' &&","                    'node';","            }","        }());","        // init global","        local.global = local.modeJs === 'browser'","            ? window","            : global;","        // init utility2_rollup","        local = local.global.utility2_rollup || local;","        // init lib","        local.local = local.npmtest_raven_js = local;","        // init exports","        if (local.modeJs === 'browser') {","            local.global.utility2_npmtest_raven_js = local;","        } else {","            module.exports = local;","            module.exports.__dirname = __dirname;","            module.exports.module = module;","        }","    }());","}());",""],"l":{"12":2,"14":2,"19":2,"21":2,"23":2,"24":2,"25":2,"30":1,"37":2,"41":2,"43":2,"45":2,"46":1,"48":1,"49":1,"50":1}},"/home/travis/build/npmtest/node-npmtest-raven-js/example.js":{"path":"/home/travis/build/npmtest/node-npmtest-raven-js/example.js","s":{"1":2,"2":2,"3":2,"4":2,"5":2,"6":2,"7":2,"8":1,"9":2,"10":2,"11":2,"12":2,"13":1,"14":2,"15":2,"16":2,"17":2,"18":2,"19":0,"20":2,"21":1,"22":1,"23":1,"24":1,"25":1,"26":0,"27":0,"28":1,"29":1,"30":2,"31":0,"32":0,"33":0,"34":1,"35":2,"36":2,"37":3,"38":3,"39":3,"40":3,"41":0,"42":3,"43":3,"44":3,"45":1,"46":3,"47":1,"48":1,"49":1,"50":1,"51":1,"52":1,"53":1,"54":1,"55":1,"56":1,"57":0,"58":1,"59":6,"60":6,"61":1,"62":2,"63":0,"64":2,"65":1,"66":1,"67":0,"68":0,"69":0,"70":0,"71":0,"72":0,"73":0,"74":0,"75":0,"76":0,"77":0,"78":0,"79":0,"80":0,"81":0,"82":0,"83":0},"b":{"1":[2,1,1,1],"2":[1,1,1,1],"3":[1,1],"4":[2,2],"5":[1,1],"6":[1,1],"7":[2,0],"8":[2,1,1,1,1,1],"9":[0,2,0],"10":[1,1],"11":[2,1,1],"12":[1,0],"13":[0,2],"14":[2,0,0,0,0,0,0],"15":[0,3],"16":[3,0],"17":[1,1],"18":[0,1],"19":[1,2,0,2],"20":[1,0],"21":[1,1],"22":[0,0],"23":[0,0],"24":[0,0],"25":[0,0],"26":[0,0],"27":[0,0],"28":[0,0]},"f":{"1":2,"2":2,"3":2,"4":2,"5":2,"6":2,"7":3,"8":3,"9":3,"10":1,"11":6,"12":0},"fnMap":{"1":{"name":"(anonymous_1)","line":26,"loc":{"start":{"line":26,"column":1},"end":{"line":26,"column":13}}},"2":{"name":"(anonymous_2)","line":33,"loc":{"start":{"line":33,"column":5},"end":{"line":33,"column":17}}},"3":{"name":"(anonymous_3)","line":37,"loc":{"start":{"line":37,"column":24},"end":{"line":37,"column":36}}},"4":{"name":"(anonymous_4)","line":69,"loc":{"start":{"line":69,"column":31},"end":{"line":69,"column":48}},"skip":true},"5":{"name":"(anonymous_5)","line":78,"loc":{"start":{"line":78,"column":26},"end":{"line":78,"column":45}},"skip":true},"6":{"name":"(anonymous_6)","line":123,"loc":{"start":{"line":123,"column":33},"end":{"line":123,"column":48}},"skip":true},"7":{"name":"(anonymous_7)","line":125,"loc":{"start":{"line":125,"column":27},"end":{"line":125,"column":39}},"skip":true},"8":{"name":"(anonymous_8)","line":133,"loc":{"start":{"line":133,"column":59},"end":{"line":133,"column":74}},"skip":true},"9":{"name":"(anonymous_9)","line":143,"loc":{"start":{"line":143,"column":45},"end":{"line":143,"column":62}},"skip":true},"10":{"name":"(anonymous_10)","line":144,"loc":{"start":{"line":144,"column":73},"end":{"line":144,"column":92}},"skip":true},"11":{"name":"(anonymous_11)","line":272,"loc":{"start":{"line":272,"column":51},"end":{"line":272,"column":77}},"skip":true},"12":{"name":"(anonymous_12)","line":315,"loc":{"start":{"line":315,"column":32},"end":{"line":315,"column":61}},"skip":true}},"statementMap":{"1":{"start":{"line":26,"column":0},"end":{"line":326,"column":5}},"2":{"start":{"line":28,"column":4},"end":{"line":28,"column":14}},"3":{"start":{"line":33,"column":4},"end":{"line":60,"column":9}},"4":{"start":{"line":35,"column":8},"end":{"line":35,"column":19}},"5":{"start":{"line":37,"column":8},"end":{"line":49,"column":13}},"6":{"start":{"line":38,"column":12},"end":{"line":48,"column":13}},"7":{"start":{"line":39,"column":16},"end":{"line":42,"column":30}},"8":{"start":{"line":44,"column":16},"end":{"line":47,"column":27}},"9":{"start":{"line":51,"column":8},"end":{"line":53,"column":21}},"10":{"start":{"line":55,"column":8},"end":{"line":57,"column":45}},"11":{"start":{"line":59,"column":8},"end":{"line":59,"column":35}},"12":{"start":{"line":61,"column":4},"end":{"line":325,"column":5}},"13":{"start":{"line":69,"column":8},"end":{"line":121,"column":10},"skip":true},"14":{"start":{"line":70,"column":12},"end":{"line":88,"column":13},"skip":true},"15":{"start":{"line":76,"column":16},"end":{"line":87,"column":19},"skip":true},"16":{"start":{"line":79,"column":20},"end":{"line":86,"column":21},"skip":true},"17":{"start":{"line":82,"column":24},"end":{"line":82,"column":43},"skip":true},"18":{"start":{"line":83,"column":24},"end":{"line":83,"column":30},"skip":true},"19":{"start":{"line":85,"column":24},"end":{"line":85,"column":49},"skip":true},"20":{"start":{"line":89,"column":12},"end":{"line":107,"column":13},"skip":true},"21":{"start":{"line":92,"column":16},"end":{"line":102,"column":17},"skip":true},"22":{"start":{"line":93,"column":20},"end":{"line":93,"column":86},"skip":true},"23":{"start":{"line":94,"column":20},"end":{"line":95,"column":45},"skip":true},"24":{"start":{"line":96,"column":20},"end":{"line":96,"column":42},"skip":true},"25":{"start":{"line":97,"column":20},"end":{"line":97,"column":48},"skip":true},"26":{"start":{"line":100,"column":20},"end":{"line":100,"column":85},"skip":true},"27":{"start":{"line":101,"column":20},"end":{"line":101,"column":96},"skip":true},"28":{"start":{"line":103,"column":16},"end":{"line":103,"column":22},"skip":true},"29":{"start":{"line":106,"column":16},"end":{"line":106,"column":22},"skip":true},"30":{"start":{"line":108,"column":12},"end":{"line":120,"column":13},"skip":true},"31":{"start":{"line":114,"column":16},"end":{"line":119,"column":17},"skip":true},"32":{"start":{"line":116,"column":20},"end":{"line":116,"column":78},"skip":true},"33":{"start":{"line":118,"column":20},"end":{"line":118,"column":47},"skip":true},"34":{"start":{"line":123,"column":8},"end":{"line":141,"column":11},"skip":true},"35":{"start":{"line":124,"column":12},"end":{"line":124,"column":54},"skip":true},"36":{"start":{"line":125,"column":12},"end":{"line":140,"column":14},"skip":true},"37":{"start":{"line":126,"column":16},"end":{"line":126,"column":28},"skip":true},"38":{"start":{"line":127,"column":16},"end":{"line":127,"column":69},"skip":true},"39":{"start":{"line":128,"column":16},"end":{"line":128,"column":75},"skip":true},"40":{"start":{"line":129,"column":16},"end":{"line":131,"column":17},"skip":true},"41":{"start":{"line":130,"column":20},"end":{"line":130,"column":27},"skip":true},"42":{"start":{"line":133,"column":16},"end":{"line":137,"column":36},"skip":true},"43":{"start":{"line":134,"column":20},"end":{"line":136,"column":55},"skip":true},"44":{"start":{"line":139,"column":16},"end":{"line":139,"column":57},"skip":true},"45":{"start":{"line":143,"column":8},"end":{"line":147,"column":11},"skip":true},"46":{"start":{"line":144,"column":12},"end":{"line":146,"column":15},"skip":true},"47":{"start":{"line":145,"column":16},"end":{"line":145,"column":70},"skip":true},"48":{"start":{"line":149,"column":8},"end":{"line":149,"column":31},"skip":true},"49":{"start":{"line":150,"column":8},"end":{"line":150,"column":14},"skip":true},"50":{"start":{"line":158,"column":8},"end":{"line":158,"column":31},"skip":true},"51":{"start":{"line":160,"column":8},"end":{"line":160,"column":33},"skip":true},"52":{"start":{"line":161,"column":8},"end":{"line":161,"column":37},"skip":true},"53":{"start":{"line":162,"column":8},"end":{"line":162,"column":35},"skip":true},"54":{"start":{"line":164,"column":8},"end":{"line":164,"column":50},"skip":true},"55":{"start":{"line":166,"column":8},"end":{"line":256,"column":2},"skip":true},"56":{"start":{"line":258,"column":8},"end":{"line":286,"column":9},"skip":true},"57":{"start":{"line":259,"column":12},"end":{"line":269,"column":14},"skip":true},"58":{"start":{"line":271,"column":12},"end":{"line":285,"column":19},"skip":true},"59":{"start":{"line":274,"column":20},"end":{"line":274,"column":35},"skip":true},"60":{"start":{"line":275,"column":20},"end":{"line":284,"column":21},"skip":true},"61":{"start":{"line":277,"column":24},"end":{"line":277,"column":64},"skip":true},"62":{"start":{"line":279,"column":24},"end":{"line":279,"column":40},"skip":true},"63":{"start":{"line":281,"column":24},"end":{"line":281,"column":40},"skip":true},"64":{"start":{"line":283,"column":24},"end":{"line":283,"column":39},"skip":true},"65":{"start":{"line":288,"column":8},"end":{"line":290,"column":9},"skip":true},"66":{"start":{"line":289,"column":12},"end":{"line":289,"column":18},"skip":true},"67":{"start":{"line":291,"column":8},"end":{"line":293,"column":54},"skip":true},"68":{"start":{"line":296,"column":8},"end":{"line":301,"column":37},"skip":true},"69":{"start":{"line":303,"column":8},"end":{"line":303,"column":82},"skip":true},"70":{"start":{"line":306,"column":8},"end":{"line":308,"column":9},"skip":true},"71":{"start":{"line":307,"column":12},"end":{"line":307,"column":82},"skip":true},"72":{"start":{"line":310,"column":8},"end":{"line":312,"column":9},"skip":true},"73":{"start":{"line":311,"column":12},"end":{"line":311,"column":18},"skip":true},"74":{"start":{"line":313,"column":8},"end":{"line":313,"column":54},"skip":true},"75":{"start":{"line":314,"column":8},"end":{"line":314,"column":69},"skip":true},"76":{"start":{"line":315,"column":8},"end":{"line":323,"column":36},"skip":true},"77":{"start":{"line":316,"column":12},"end":{"line":316,"column":61},"skip":true},"78":{"start":{"line":317,"column":12},"end":{"line":320,"column":13},"skip":true},"79":{"start":{"line":318,"column":16},"end":{"line":318,"column":75},"skip":true},"80":{"start":{"line":319,"column":16},"end":{"line":319,"column":23},"skip":true},"81":{"start":{"line":321,"column":12},"end":{"line":321,"column":38},"skip":true},"82":{"start":{"line":322,"column":12},"end":{"line":322,"column":27},"skip":true},"83":{"start":{"line":324,"column":8},"end":{"line":324,"column":14},"skip":true}},"branchMap":{"1":{"line":39,"type":"binary-expr","locations":[{"start":{"line":39,"column":23},"end":{"line":39,"column":62}},{"start":{"line":40,"column":20},"end":{"line":40,"column":70}},{"start":{"line":41,"column":20},"end":{"line":41,"column":71}},{"start":{"line":42,"column":20},"end":{"line":42,"column":29}}]},"2":{"line":44,"type":"binary-expr","locations":[{"start":{"line":44,"column":23},"end":{"line":44,"column":37}},{"start":{"line":45,"column":20},"end":{"line":45,"column":61}},{"start":{"line":46,"column":20},"end":{"line":46,"column":70}},{"start":{"line":47,"column":20},"end":{"line":47,"column":26}}]},"3":{"line":51,"type":"cond-expr","locations":[{"start":{"line":52,"column":14},"end":{"line":52,"column":20}},{"start":{"line":53,"column":14},"end":{"line":53,"column":20}}]},"4":{"line":55,"type":"binary-expr","locations":[{"start":{"line":55,"column":16},"end":{"line":55,"column":44}},{"start":{"line":55,"column":49},"end":{"line":57,"column":43}}]},"5":{"line":55,"type":"cond-expr","locations":[{"start":{"line":56,"column":14},"end":{"line":56,"column":52}},{"start":{"line":57,"column":14},"end":{"line":57,"column":43}}]},"6":{"line":61,"type":"switch","locations":[{"start":{"line":68,"column":4},"end":{"line":150,"column":14},"skip":true},{"start":{"line":156,"column":4},"end":{"line":324,"column":14},"skip":true}]},"7":{"line":70,"type":"if","locations":[{"start":{"line":70,"column":12},"end":{"line":70,"column":12},"skip":true},{"start":{"line":70,"column":12},"end":{"line":70,"column":12},"skip":true}]},"8":{"line":70,"type":"binary-expr","locations":[{"start":{"line":70,"column":16},"end":{"line":70,"column":22},"skip":true},{"start":{"line":70,"column":27},"end":{"line":70,"column":32},"skip":true},{"start":{"line":71,"column":20},"end":{"line":71,"column":39},"skip":true},{"start":{"line":72,"column":20},"end":{"line":72,"column":49},"skip":true},{"start":{"line":73,"column":20},"end":{"line":73,"column":58},"skip":true},{"start":{"line":74,"column":20},"end":{"line":74,"column":69},"skip":true}]},"9":{"line":79,"type":"switch","locations":[{"start":{"line":80,"column":20},"end":{"line":80,"column":33},"skip":true},{"start":{"line":81,"column":20},"end":{"line":83,"column":30},"skip":true},{"start":{"line":84,"column":20},"end":{"line":85,"column":49},"skip":true}]},"10":{"line":89,"type":"switch","locations":[{"start":{"line":90,"column":12},"end":{"line":103,"column":22},"skip":true},{"start":{"line":105,"column":12},"end":{"line":106,"column":22},"skip":true}]},"11":{"line":89,"type":"binary-expr","locations":[{"start":{"line":89,"column":20},"end":{"line":89,"column":25},"skip":true},{"start":{"line":89,"column":29},"end":{"line":89,"column":48},"skip":true},{"start":{"line":89,"column":52},"end":{"line":89,"column":74},"skip":true}]},"12":{"line":92,"type":"if","locations":[{"start":{"line":92,"column":16},"end":{"line":92,"column":16},"skip":true},{"start":{"line":92,"column":16},"end":{"line":92,"column":16},"skip":true}]},"13":{"line":108,"type":"if","locations":[{"start":{"line":108,"column":12},"end":{"line":108,"column":12},"skip":true},{"start":{"line":108,"column":12},"end":{"line":108,"column":12},"skip":true}]},"14":{"line":108,"type":"binary-expr","locations":[{"start":{"line":108,"column":16},"end":{"line":108,"column":61},"skip":true},{"start":{"line":108,"column":66},"end":{"line":108,"column":72},"skip":true},{"start":{"line":108,"column":77},"end":{"line":108,"column":82},"skip":true},{"start":{"line":109,"column":20},"end":{"line":109,"column":39},"skip":true},{"start":{"line":110,"column":20},"end":{"line":110,"column":49},"skip":true},{"start":{"line":111,"column":20},"end":{"line":111,"column":58},"skip":true},{"start":{"line":112,"column":20},"end":{"line":112,"column":68},"skip":true}]},"15":{"line":129,"type":"if","locations":[{"start":{"line":129,"column":16},"end":{"line":129,"column":16},"skip":true},{"start":{"line":129,"column":16},"end":{"line":129,"column":16},"skip":true}]},"16":{"line":134,"type":"cond-expr","locations":[{"start":{"line":135,"column":26},"end":{"line":135,"column":29},"skip":true},{"start":{"line":136,"column":26},"end":{"line":136,"column":54},"skip":true}]},"17":{"line":164,"type":"binary-expr","locations":[{"start":{"line":164,"column":27},"end":{"line":164,"column":43},"skip":true},{"start":{"line":164,"column":47},"end":{"line":164,"column":49},"skip":true}]},"18":{"line":258,"type":"if","locations":[{"start":{"line":258,"column":8},"end":{"line":258,"column":8},"skip":true},{"start":{"line":258,"column":8},"end":{"line":258,"column":8},"skip":true}]},"19":{"line":275,"type":"switch","locations":[{"start":{"line":276,"column":20},"end":{"line":277,"column":64},"skip":true},{"start":{"line":278,"column":20},"end":{"line":279,"column":40},"skip":true},{"start":{"line":280,"column":20},"end":{"line":281,"column":40},"skip":true},{"start":{"line":282,"column":20},"end":{"line":283,"column":39},"skip":true}]},"20":{"line":288,"type":"if","locations":[{"start":{"line":288,"column":8},"end":{"line":288,"column":8},"skip":true},{"start":{"line":288,"column":8},"end":{"line":288,"column":8},"skip":true}]},"21":{"line":288,"type":"binary-expr","locations":[{"start":{"line":288,"column":12},"end":{"line":288,"column":40},"skip":true},{"start":{"line":288,"column":44},"end":{"line":288,"column":67},"skip":true}]},"22":{"line":292,"type":"binary-expr","locations":[{"start":{"line":292,"column":12},"end":{"line":292,"column":50},"skip":true},{"start":{"line":293,"column":12},"end":{"line":293,"column":53},"skip":true}]},"23":{"line":297,"type":"binary-expr","locations":[{"start":{"line":297,"column":12},"end":{"line":297,"column":66},"skip":true},{"start":{"line":298,"column":12},"end":{"line":301,"column":36},"skip":true}]},"24":{"line":303,"type":"binary-expr","locations":[{"start":{"line":303,"column":43},"end":{"line":303,"column":75},"skip":true},{"start":{"line":303,"column":79},"end":{"line":303,"column":81},"skip":true}]},"25":{"line":306,"type":"if","locations":[{"start":{"line":306,"column":8},"end":{"line":306,"column":8},"skip":true},{"start":{"line":306,"column":8},"end":{"line":306,"column":8},"skip":true}]},"26":{"line":310,"type":"if","locations":[{"start":{"line":310,"column":8},"end":{"line":310,"column":8},"skip":true},{"start":{"line":310,"column":8},"end":{"line":310,"column":8},"skip":true}]},"27":{"line":313,"type":"binary-expr","locations":[{"start":{"line":313,"column":27},"end":{"line":313,"column":43},"skip":true},{"start":{"line":313,"column":47},"end":{"line":313,"column":53},"skip":true}]},"28":{"line":317,"type":"if","locations":[{"start":{"line":317,"column":12},"end":{"line":317,"column":12},"skip":true},{"start":{"line":317,"column":12},"end":{"line":317,"column":12},"skip":true}]}},"code":["/*","example.js","","quickstart example","","instruction","    1. save this script as example.js","    2. run the shell command:","        $ npm install npmtest-raven-js && PORT=8081 node example.js","    3. play with the browser-demo on http://127.0.0.1:8081","*/","","","","/* istanbul instrument in package npmtest_raven_js */","/*jslint","    bitwise: true,","    browser: true,","    maxerr: 8,","    maxlen: 96,","    node: true,","    nomen: true,","    regexp: true,","    stupid: true","*/","(function () {","    'use strict';","    var local;","","","","    // run shared js-env code - pre-init","    (function () {","        // init local","        local = {};","        // init modeJs","        local.modeJs = (function () {","            try {","                return typeof navigator.userAgent === 'string' &&","                    typeof document.querySelector('body') === 'object' &&","                    typeof XMLHttpRequest.prototype.open === 'function' &&","                    'browser';","            } catch (errorCaughtBrowser) {","                return module.exports &&","                    typeof process.versions.node === 'string' &&","                    typeof require('http').createServer === 'function' &&","                    'node';","            }","        }());","        // init global","        local.global = local.modeJs === 'browser'","            ? window","            : global;","        // init utility2_rollup","        local = local.global.utility2_rollup || (local.modeJs === 'browser'","            ? local.global.utility2_npmtest_raven_js","            : global.utility2_moduleExports);","        // export local","        local.global.local = local;","    }());","    switch (local.modeJs) {","","","","    // post-init","    // run browser js-env code - post-init","    /* istanbul ignore next */","    case 'browser':","        local.testRunBrowser = function (event) {","            if (!event || (event &&","                    event.currentTarget &&","                    event.currentTarget.className &&","                    event.currentTarget.className.includes &&","                    event.currentTarget.className.includes('onreset'))) {","                // reset output","                Array.from(","                    document.querySelectorAll('body > .resettable')","                ).forEach(function (element) {","                    switch (element.tagName) {","                    case 'INPUT':","                    case 'TEXTAREA':","                        element.value = '';","                        break;","                    default:","                        element.textContent = '';","                    }","                });","            }","            switch (event && event.currentTarget && event.currentTarget.id) {","            case 'testRunButton1':","                // show tests","                if (document.querySelector('#testReportDiv1').style.display === 'none') {","                    document.querySelector('#testReportDiv1').style.display = 'block';","                    document.querySelector('#testRunButton1').textContent =","                        'hide internal test';","                    local.modeTest = true;","                    local.testRunDefault(local);","                // hide tests","                } else {","                    document.querySelector('#testReportDiv1').style.display = 'none';","                    document.querySelector('#testRunButton1').textContent = 'run internal test';","                }","                break;","            // custom-case","            default:","                break;","            }","            if (document.querySelector('#inputTextareaEval1') && (!event || (event &&","                    event.currentTarget &&","                    event.currentTarget.className &&","                    event.currentTarget.className.includes &&","                    event.currentTarget.className.includes('oneval')))) {","                // try to eval input-code","                try {","                    /*jslint evil: true*/","                    eval(document.querySelector('#inputTextareaEval1').value);","                } catch (errorCaught) {","                    console.error(errorCaught);","                }","            }","        };","        // log stderr and stdout to #outputTextareaStdout1","        ['error', 'log'].forEach(function (key) {","            console[key + '_original'] = console[key];","            console[key] = function () {","                var element;","                console[key + '_original'].apply(console, arguments);","                element = document.querySelector('#outputTextareaStdout1');","                if (!element) {","                    return;","                }","                // append text to #outputTextareaStdout1","                element.value += Array.from(arguments).map(function (arg) {","                    return typeof arg === 'string'","                        ? arg","                        : JSON.stringify(arg, null, 4);","                }).join(' ') + '\\n';","                // scroll textarea to bottom","                element.scrollTop = element.scrollHeight;","            };","        });","        // init event-handling","        ['change', 'click', 'keyup'].forEach(function (event) {","            Array.from(document.querySelectorAll('.on' + event)).forEach(function (element) {","                element.addEventListener(event, local.testRunBrowser);","            });","        });","        // run tests","        local.testRunBrowser();","        break;","","","","    // run node js-env code - post-init","    /* istanbul ignore next */","    case 'node':","        // export local","        module.exports = local;","        // require modules","        local.fs = require('fs');","        local.http = require('http');","        local.url = require('url');","        // init assets","        local.assetsDict = local.assetsDict || {};","        /* jslint-ignore-begin */","        local.assetsDict['/assets.index.template.html'] = '\\","<!doctype html>\\n\\","<html lang=\"en\">\\n\\","<head>\\n\\","<meta charset=\"UTF-8\">\\n\\","<meta name=\"viewport\" content=\"width=device-width, initial-scale=1\">\\n\\","<title>{{env.npm_package_name}} (v{{env.npm_package_version}})</title>\\n\\","<style>\\n\\","/*csslint\\n\\","    box-sizing: false,\\n\\","    universal-selector: false\\n\\","*/\\n\\","* {\\n\\","    box-sizing: border-box;\\n\\","}\\n\\","body {\\n\\","    background: #dde;\\n\\","    font-family: Arial, Helvetica, sans-serif;\\n\\","    margin: 2rem;\\n\\","}\\n\\","body > * {\\n\\","    margin-bottom: 1rem;\\n\\","}\\n\\",".utility2FooterDiv {\\n\\","    margin-top: 20px;\\n\\","    text-align: center;\\n\\","}\\n\\","</style>\\n\\","<style>\\n\\","/*csslint\\n\\","*/\\n\\","textarea {\\n\\","    font-family: monospace;\\n\\","    height: 10rem;\\n\\","    width: 100%;\\n\\","}\\n\\","textarea[readonly] {\\n\\","    background: #ddd;\\n\\","}\\n\\","</style>\\n\\","</head>\\n\\","<body>\\n\\","<!-- utility2-comment\\n\\","<div id=\"ajaxProgressDiv1\" style=\"background: #d00; height: 2px; left: 0; margin: 0; padding: 0; position: fixed; top: 0; transition: background 0.5s, width 1.5s; width: 25%;\"></div>\\n\\","utility2-comment -->\\n\\","<h1>\\n\\","<!-- utility2-comment\\n\\","    <a\\n\\","        {{#if env.npm_package_homepage}}\\n\\","        href=\"{{env.npm_package_homepage}}\"\\n\\","        {{/if env.npm_package_homepage}}\\n\\","        target=\"_blank\"\\n\\","    >\\n\\","utility2-comment -->\\n\\","        {{env.npm_package_name}} (v{{env.npm_package_version}})\\n\\","<!-- utility2-comment\\n\\","    </a>\\n\\","utility2-comment -->\\n\\","</h1>\\n\\","<h3>{{env.npm_package_description}}</h3>\\n\\","<!-- utility2-comment\\n\\","<h4><a download href=\"assets.app.js\">download standalone app</a></h4>\\n\\","<button class=\"onclick onreset\" id=\"testRunButton1\">run internal test</button><br>\\n\\","<div id=\"testReportDiv1\" style=\"display: none;\"></div>\\n\\","utility2-comment -->\\n\\","\\n\\","\\n\\","\\n\\","<label>stderr and stdout</label>\\n\\","<textarea class=\"resettable\" id=\"outputTextareaStdout1\" readonly></textarea>\\n\\","<!-- utility2-comment\\n\\","{{#if isRollup}}\\n\\","<script src=\"assets.app.js\"></script>\\n\\","{{#unless isRollup}}\\n\\","utility2-comment -->\\n\\","<script src=\"assets.utility2.rollup.js\"></script>\\n\\","<script src=\"jsonp.utility2._stateInit?callback=window.utility2._stateInit\"></script>\\n\\","<script src=\"assets.npmtest_raven_js.rollup.js\"></script>\\n\\","<script src=\"assets.example.js\"></script>\\n\\","<script src=\"assets.test.js\"></script>\\n\\","<!-- utility2-comment\\n\\","{{/if isRollup}}\\n\\","utility2-comment -->\\n\\","<div class=\"utility2FooterDiv\">\\n\\","    [ this app was created with\\n\\","    <a href=\"https://github.com/kaizhu256/node-utility2\" target=\"_blank\">utility2</a>\\n\\","    ]\\n\\","</div>\\n\\","</body>\\n\\","</html>\\n\\","';","        /* jslint-ignore-end */","        if (local.templateRender) {","            local.assetsDict['/'] = local.templateRender(","                local.assetsDict['/assets.index.template.html'],","                {","                    env: local.objectSetDefault(local.env, {","                        npm_package_description: 'the greatest app in the world!',","                        npm_package_name: 'my-app',","                        npm_package_nameAlias: 'my_app',","                        npm_package_version: '0.0.1'","                    })","                }","            );","        } else {","            local.assetsDict['/'] = local.assetsDict['/assets.index.template.html']","                .replace((/\\{\\{env\\.(\\w+?)\\}\\}/g), function (match0, match1) {","                    // jslint-hack","                    String(match0);","                    switch (match1) {","                    case 'npm_package_description':","                        return 'the greatest app in the world!';","                    case 'npm_package_name':","                        return 'my-app';","                    case 'npm_package_nameAlias':","                        return 'my_app';","                    case 'npm_package_version':","                        return '0.0.1';","                    }","                });","        }","        // run the cli","        if (local.global.utility2_rollup || module !== require.main) {","            break;","        }","        local.assetsDict['/assets.example.js'] =","            local.assetsDict['/assets.example.js'] ||","            local.fs.readFileSync(__filename, 'utf8');","        // bug-workaround - long $npm_package_buildCustomOrg","        /* jslint-ignore-begin */","        local.assetsDict['/assets.npmtest_raven_js.rollup.js'] =","            local.assetsDict['/assets.npmtest_raven_js.rollup.js'] ||","            local.fs.readFileSync(","                local.npmtest_raven_js.__dirname + '/lib.npmtest_raven_js.js',","                'utf8'","            ).replace((/^#!/), '//');","        /* jslint-ignore-end */","        local.assetsDict['/favicon.ico'] = local.assetsDict['/favicon.ico'] || '';","        // if $npm_config_timeout_exit exists,","        // then exit this process after $npm_config_timeout_exit ms","        if (Number(process.env.npm_config_timeout_exit)) {","            setTimeout(process.exit, Number(process.env.npm_config_timeout_exit));","        }","        // start server","        if (local.global.utility2_serverHttp1) {","            break;","        }","        process.env.PORT = process.env.PORT || '8081';","        console.error('server starting on port ' + process.env.PORT);","        local.http.createServer(function (request, response) {","            request.urlParsed = local.url.parse(request.url);","            if (local.assetsDict[request.urlParsed.pathname] !== undefined) {","                response.end(local.assetsDict[request.urlParsed.pathname]);","                return;","            }","            response.statusCode = 404;","            response.end();","        }).listen(process.env.PORT);","        break;","    }","}());",""],"l":{"26":2,"28":2,"33":2,"35":2,"37":2,"38":2,"39":2,"44":1,"51":2,"55":2,"59":2,"61":2,"69":1,"70":2,"76":2,"79":2,"82":2,"83":2,"85":1,"89":2,"92":1,"93":1,"94":1,"96":1,"97":1,"100":1,"101":1,"103":1,"106":1,"108":2,"114":1,"116":1,"118":1,"123":1,"124":2,"125":2,"126":3,"127":3,"128":3,"129":3,"130":1,"133":3,"134":3,"139":3,"143":1,"144":3,"145":1,"149":1,"150":1,"158":1,"160":1,"161":1,"162":1,"164":1,"166":1,"258":1,"259":1,"271":1,"274":6,"275":6,"277":1,"279":2,"281":1,"283":2,"288":1,"289":1,"291":1,"296":1,"303":1,"306":1,"307":1,"310":1,"311":1,"313":1,"314":1,"315":1,"316":1,"317":1,"318":1,"319":1,"321":1,"322":1,"324":1}},"/home/travis/build/npmtest/node-npmtest-raven-js/node_modules/raven-js/src/singleton.js":{"path":"/home/travis/build/npmtest/node-npmtest-raven-js/node_modules/raven-js/src/singleton.js","s":{"1":1,"2":1,"3":1,"4":1,"5":1,"6":0,"7":0,"8":1,"9":1},"b":{"1":[0,1],"2":[1,0],"3":[0,0]},"f":{"1":0},"fnMap":{"1":{"name":"(anonymous_1)","line":26,"loc":{"start":{"line":26,"column":19},"end":{"line":26,"column":31}}}},"statementMap":{"1":{"start":{"line":9,"column":0},"end":{"line":9,"column":42}},"2":{"start":{"line":12,"column":0},"end":{"line":15,"column":17}},"3":{"start":{"line":16,"column":0},"end":{"line":16,"column":27}},"4":{"start":{"line":18,"column":0},"end":{"line":18,"column":35}},"5":{"start":{"line":26,"column":0},"end":{"line":29,"column":2}},"6":{"start":{"line":27,"column":1},"end":{"line":27,"column":24}},"7":{"start":{"line":28,"column":1},"end":{"line":28,"column":14}},"8":{"start":{"line":31,"column":0},"end":{"line":31,"column":18}},"9":{"start":{"line":33,"column":0},"end":{"line":33,"column":23}}},"branchMap":{"1":{"line":12,"type":"cond-expr","locations":[{"start":{"line":12,"column":46},"end":{"line":12,"column":52}},{"start":{"line":13,"column":14},"end":{"line":15,"column":16}}]},"2":{"line":13,"type":"cond-expr","locations":[{"start":{"line":13,"column":46},"end":{"line":13,"column":52}},{"start":{"line":14,"column":14},"end":{"line":15,"column":16}}]},"3":{"line":14,"type":"cond-expr","locations":[{"start":{"line":14,"column":44},"end":{"line":14,"column":48}},{"start":{"line":15,"column":14},"end":{"line":15,"column":16}}]}},"code":["/**"," * Enforces a single instance of the Raven client, and the"," * main entry point for Raven. If you are a consumer of the"," * Raven library, you SHOULD load this file (vs raven.js)."," **/","","'use strict';","","var RavenConstructor = require('./raven');","","// This is to be defensive in environments where window does not exist (see https://github.com/getsentry/raven-js/pull/785)","var _window = typeof window !== 'undefined' ? window","            : typeof global !== 'undefined' ? global","            : typeof self !== 'undefined' ? self","            : {};","var _Raven = _window.Raven;","","var Raven = new RavenConstructor();","","/*"," * Allow multiple versions of Raven to be installed."," * Strip Raven from the global context and returns the instance."," *"," * @return {Raven}"," */","Raven.noConflict = function () {","\t_window.Raven = _Raven;","\treturn Raven;","};","","Raven.afterLoad();","","module.exports = Raven;",""],"l":{"9":1,"12":1,"16":1,"18":1,"26":1,"27":0,"28":0,"31":1,"33":1}},"/home/travis/build/npmtest/node-npmtest-raven-js/node_modules/raven-js/src/raven.js":{"path":"/home/travis/build/npmtest/node-npmtest-raven-js/node_modules/raven-js/src/raven.js","s":{"1":1,"2":1,"3":1,"4":1,"5":1,"6":1,"7":1,"8":1,"9":1,"10":1,"11":1,"12":1,"13":1,"14":1,"15":1,"16":1,"17":1,"18":1,"19":1,"20":1,"21":1,"22":1,"23":1,"24":1,"25":1,"26":1,"27":1,"28":1,"29":1,"30":1,"31":1,"32":1,"33":1,"34":1,"35":1,"36":1,"37":1,"38":1,"39":1,"40":10,"41":1,"42":0,"43":0,"44":0,"45":0,"46":0,"47":0,"48":0,"49":0,"50":0,"51":0,"52":0,"53":0,"54":0,"55":0,"56":0,"57":0,"58":0,"59":0,"60":0,"61":0,"62":0,"63":0,"64":0,"65":0,"66":0,"67":0,"68":0,"69":0,"70":0,"71":0,"72":0,"73":0,"74":0,"75":0,"76":0,"77":0,"78":0,"79":0,"80":0,"81":0,"82":0,"83":0,"84":0,"85":0,"86":0,"87":0,"88":0,"89":0,"90":0,"91":0,"92":0,"93":0,"94":0,"95":0,"96":0,"97":0,"98":0,"99":0,"100":0,"101":0,"102":0,"103":0,"104":0,"105":0,"106":0,"107":0,"108":0,"109":1,"110":0,"111":0,"112":0,"113":0,"114":0,"115":0,"116":0,"117":0,"118":0,"119":0,"120":0,"121":0,"122":0,"123":0,"124":0,"125":0,"126":0,"127":0,"128":0,"129":0,"130":0,"131":0,"132":0,"133":0,"134":0,"135":0,"136":0,"137":0,"138":0,"139":0,"140":0,"141":0,"142":0,"143":0,"144":0,"145":0,"146":0,"147":0,"148":0,"149":0,"150":0,"151":0,"152":0,"153":0,"154":0,"155":0,"156":0,"157":0,"158":0,"159":0,"160":0,"161":0,"162":0,"163":0,"164":0,"165":0,"166":0,"167":0,"168":0,"169":0,"170":0,"171":0,"172":0,"173":0,"174":0,"175":0,"176":0,"177":0,"178":0,"179":0,"180":0,"181":0,"182":0,"183":0,"184":0,"185":0,"186":0,"187":0,"188":0,"189":0,"190":0,"191":0,"192":0,"193":0,"194":0,"195":0,"196":0,"197":0,"198":0,"199":0,"200":0,"201":0,"202":0,"203":0,"204":0,"205":0,"206":0,"207":0,"208":0,"209":0,"210":0,"211":1,"212":1,"213":0,"214":0,"215":0,"216":0,"217":0,"218":0,"219":0,"220":0,"221":0,"222":0,"223":0,"224":0,"225":0,"226":0,"227":0,"228":0,"229":0,"230":0,"231":0,"232":0,"233":0,"234":0,"235":0,"236":0,"237":0,"238":0,"239":0,"240":0,"241":0,"242":0,"243":0,"244":0,"245":0,"246":0,"247":0,"248":0,"249":0,"250":0,"251":0,"252":0,"253":0,"254":0,"255":0,"256":0,"257":0,"258":0,"259":0,"260":0,"261":0,"262":0,"263":0,"264":0,"265":0,"266":0,"267":0,"268":0,"269":0,"270":0,"271":0,"272":0,"273":0,"274":0,"275":0,"276":0,"277":0,"278":0,"279":0,"280":0,"281":0,"282":0,"283":0,"284":0,"285":0,"286":0,"287":0,"288":0,"289":0,"290":0,"291":0,"292":0,"293":0,"294":0,"295":0,"296":1,"297":0,"298":0,"299":0,"300":0,"301":0,"302":0,"303":0,"304":0,"305":0,"306":0,"307":0,"308":1,"309":0,"310":0,"311":0,"312":0,"313":0,"314":0,"315":0,"316":0,"317":0,"318":0,"319":0,"320":0,"321":0,"322":0,"323":0,"324":0,"325":0,"326":0,"327":0,"328":0,"329":0,"330":0,"331":0,"332":0,"333":0,"334":0,"335":0,"336":0,"337":0,"338":0,"339":0,"340":0,"341":0,"342":0,"343":0,"344":0,"345":0,"346":0,"347":0,"348":0,"349":1,"350":0,"351":0,"352":0,"353":0,"354":0,"355":0,"356":0,"357":0,"358":0,"359":0,"360":0,"361":0,"362":0,"363":1,"364":0,"365":0,"366":0,"367":0,"368":0,"369":0,"370":0,"371":0,"372":0,"373":0,"374":0,"375":0,"376":0,"377":0,"378":0,"379":0,"380":0,"381":0,"382":0,"383":0,"384":0,"385":0,"386":0,"387":0,"388":0,"389":0,"390":0,"391":0,"392":0,"393":0,"394":0,"395":0,"396":0,"397":0,"398":0,"399":0,"400":0,"401":0,"402":0,"403":0,"404":0,"405":0,"406":0,"407":0,"408":0,"409":0,"410":0,"411":0,"412":0,"413":0,"414":0,"415":0,"416":0,"417":0,"418":0,"419":0,"420":0,"421":0,"422":0,"423":0,"424":0,"425":0,"426":0,"427":0,"428":0,"429":0,"430":0,"431":0,"432":0,"433":0,"434":0,"435":0,"436":0,"437":0,"438":0,"439":0,"440":0,"441":0,"442":0,"443":0,"444":0,"445":0,"446":0,"447":0,"448":0,"449":0,"450":0,"451":0,"452":0,"453":0,"454":0,"455":0,"456":0,"457":0,"458":0,"459":0,"460":0,"461":0,"462":0,"463":0,"464":0,"465":0,"466":0,"467":0,"468":0,"469":0,"470":0,"471":0,"472":0,"473":0,"474":0,"475":0,"476":0,"477":0,"478":0,"479":0,"480":0,"481":0,"482":0,"483":0,"484":0,"485":0,"486":0,"487":0,"488":0,"489":0,"490":0,"491":0,"492":0,"493":0,"494":0,"495":0,"496":0,"497":0,"498":0,"499":0,"500":0,"501":0,"502":0,"503":0,"504":0,"505":0,"506":0,"507":0,"508":0,"509":0,"510":0,"511":0,"512":0,"513":0,"514":0,"515":0,"516":0,"517":0,"518":0,"519":0,"520":0,"521":0,"522":1,"523":1,"524":0,"525":0,"526":0,"527":0,"528":0,"529":0,"530":0,"531":0,"532":0,"533":0,"534":0,"535":0,"536":0,"537":0,"538":0,"539":0,"540":0,"541":0,"542":0,"543":0,"544":0,"545":0,"546":0,"547":0,"548":0,"549":0,"550":0,"551":0,"552":0,"553":0,"554":0,"555":0,"556":0,"557":0,"558":0,"559":0,"560":0,"561":0,"562":0,"563":0,"564":0,"565":0,"566":0,"567":0,"568":0,"569":0,"570":0,"571":0,"572":0,"573":0,"574":0,"575":0,"576":0,"577":0,"578":0,"579":0,"580":0,"581":0,"582":0,"583":0,"584":0,"585":0,"586":0,"587":0,"588":0,"589":0,"590":0,"591":0,"592":0,"593":0,"594":0,"595":0,"596":0,"597":0,"598":0,"599":0,"600":0,"601":0,"602":0,"603":0,"604":0,"605":0,"606":0,"607":0,"608":0,"609":0,"610":0,"611":0,"612":0,"613":0,"614":0,"615":0,"616":0,"617":0,"618":0,"619":0,"620":0,"621":0,"622":0,"623":0,"624":0,"625":0,"626":0,"627":0,"628":0,"629":0,"630":0,"631":0,"632":0,"633":0,"634":0,"635":0,"636":0,"637":0,"638":1,"639":1,"640":2,"641":1,"642":0,"643":1,"644":0,"645":1,"646":0,"647":0,"648":0,"649":1,"650":0,"651":0,"652":0,"653":0,"654":0,"655":0,"656":0,"657":0,"658":0,"659":1,"660":0,"661":0,"662":0,"663":0,"664":0,"665":1,"666":0,"667":1,"668":0,"669":1,"670":0,"671":0,"672":0,"673":0,"674":0,"675":0,"676":0,"677":0,"678":1,"679":0,"680":0,"681":0,"682":0,"683":1,"684":0,"685":0,"686":0,"687":0,"688":0,"689":0,"690":1,"691":0,"692":0,"693":0,"694":0,"695":0,"696":0,"697":0,"698":0,"699":0,"700":0,"701":0,"702":0,"703":0,"704":0,"705":0,"706":1,"707":0,"708":0,"709":0,"710":0,"711":0,"712":0,"713":0,"714":0,"715":0,"716":1,"717":0,"718":0,"719":0,"720":0,"721":0,"722":0,"723":0,"724":0,"725":0,"726":0,"727":0,"728":0,"729":0,"730":0,"731":0,"732":0,"733":0,"734":0,"735":1,"736":0,"737":1,"738":0,"739":0,"740":0,"741":0,"742":0,"743":0,"744":0,"745":1,"746":0,"747":0,"748":0,"749":0,"750":0,"751":0,"752":0,"753":0,"754":0,"755":0,"756":0,"757":0,"758":0,"759":1,"760":0,"761":0,"762":0,"763":0,"764":1,"765":0,"766":1,"767":1,"768":1},"b":{"1":[0,1],"2":[1,0],"3":[0,0],"4":[1,1],"5":[1,0],"6":[1,0],"7":[0,0],"8":[0,0],"9":[0,0],"10":[0,0],"11":[0,0,0],"12":[0,0],"13":[0,0],"14":[0,0],"15":[0,0],"16":[0,0],"17":[0,0],"18":[0,0],"19":[0,0],"20":[0,0],"21":[0,0],"22":[0,0],"23":[0,0],"24":[0,0],"25":[0,0],"26":[0,0],"27":[0,0],"28":[0,0],"29":[0,0,0],"30":[0,0],"31":[0,0],"32":[0,0],"33":[0,0],"34":[0,0],"35":[0,0],"36":[0,0],"37":[0,0],"38":[0,0],"39":[0,0],"40":[0,0,0],"41":[0,0],"42":[0,0],"43":[0,0],"44":[0,0],"45":[0,0],"46":[0,0],"47":[0,0],"48":[0,0],"49":[0,0],"50":[0,0],"51":[0,0],"52":[0,0],"53":[0,0],"54":[0,1],"55":[0,0],"56":[0,0],"57":[0,0],"58":[0,0],"59":[0,0],"60":[0,0],"61":[0,0],"62":[0,0],"63":[0,0],"64":[0,0],"65":[0,0],"66":[0,0],"67":[0,0],"68":[0,0],"69":[0,0],"70":[0,0],"71":[0,0],"72":[0,0],"73":[0,0],"74":[0,0,0,0],"75":[0,0],"76":[0,0],"77":[0,0],"78":[0,0],"79":[0,0],"80":[0,0],"81":[0,0],"82":[0,0],"83":[0,0],"84":[0,0,0],"85":[0,0],"86":[0,0],"87":[0,0],"88":[0,0,0,0],"89":[0,0],"90":[0,0],"91":[0,0],"92":[0,0],"93":[0,0],"94":[0,0],"95":[0,0],"96":[0,0],"97":[0,0],"98":[0,0],"99":[0,0],"100":[0,0],"101":[0,0],"102":[0,0,0],"103":[0,0],"104":[0,0],"105":[0,0],"106":[0,0],"107":[0,0],"108":[0,0],"109":[0,0],"110":[0,0],"111":[0,0],"112":[0,0],"113":[0,0],"114":[0,0,0],"115":[0,0,0],"116":[0,0],"117":[0,0],"118":[0,0],"119":[0,0],"120":[0,0],"121":[0,0],"122":[0,0,0],"123":[0,0],"124":[0,0],"125":[0,0],"126":[0,0],"127":[0,0],"128":[0,0],"129":[0,0],"130":[0,0],"131":[0,0],"132":[0,0],"133":[0,0],"134":[0,0],"135":[0,0],"136":[0,0],"137":[0,0,0,0],"138":[0,0],"139":[0,0],"140":[0,0],"141":[0,0],"142":[0,0],"143":[0,0],"144":[0,0],"145":[0,0],"146":[0,0],"147":[0,0],"148":[0,0],"149":[0,0],"150":[0,0],"151":[0,0],"152":[0,0],"153":[0,0],"154":[0,0],"155":[0,0],"156":[0,0],"157":[0,0],"158":[0,0],"159":[0,0],"160":[0,0],"161":[0,0],"162":[0,0],"163":[0,0],"164":[0,0],"165":[0,0],"166":[0,0],"167":[0,0],"168":[0,0],"169":[0,0,0],"170":[0,0],"171":[0,0],"172":[0,0],"173":[0,0],"174":[0,0],"175":[0,0],"176":[0,0,0],"177":[0,0],"178":[0,0],"179":[0,0],"180":[0,0],"181":[0,0],"182":[0,0],"183":[0,0],"184":[0,0],"185":[0,0],"186":[0,0],"187":[0,0],"188":[0,0],"189":[0,0],"190":[0,0],"191":[0,0],"192":[0,0],"193":[0,0],"194":[0,0],"195":[0,0],"196":[0,0],"197":[0,0],"198":[0,0],"199":[0,0],"200":[0,0],"201":[0,0],"202":[0,0],"203":[0,0],"204":[0,0],"205":[0,0],"206":[0,0],"207":[0,0],"208":[0,0],"209":[0,0],"210":[0,0],"211":[0,0],"212":[0,0],"213":[0,0],"214":[0,0],"215":[0,0],"216":[0,0],"217":[0,0],"218":[0,0],"219":[0,0],"220":[0,0],"221":[0,0],"222":[0,0],"223":[0,0],"224":[0,0],"225":[0,0],"226":[0,0],"227":[0,0],"228":[0,0],"229":[0,0],"230":[0,0],"231":[0,0],"232":[0,0],"233":[0,0],"234":[0,0],"235":[0,0],"236":[0,0],"237":[0,0],"238":[0,0],"239":[0,0],"240":[0,0],"241":[0,0],"242":[0,0,0],"243":[0,0],"244":[0,0],"245":[0,0],"246":[0,0],"247":[0,0],"248":[0,0],"249":[0,0],"250":[0,0],"251":[0,0],"252":[0,0],"253":[0,0],"254":[0,0],"255":[0,0,0,0],"256":[0,0],"257":[0,1],"258":[1,0]},"f":{"1":1,"2":1,"3":0,"4":0,"5":0,"6":0,"7":0,"8":0,"9":0,"10":0,"11":0,"12":0,"13":0,"14":0,"15":0,"16":0,"17":0,"18":0,"19":0,"20":0,"21":0,"22":0,"23":0,"24":0,"25":0,"26":0,"27":0,"28":0,"29":0,"30":0,"31":0,"32":0,"33":1,"34":0,"35":0,"36":0,"37":0,"38":0,"39":0,"40":0,"41":0,"42":0,"43":0,"44":0,"45":0,"46":0,"47":0,"48":0,"49":0,"50":0,"51":0,"52":0,"53":0,"54":0,"55":0,"56":0,"57":0,"58":0,"59":0,"60":0,"61":0,"62":0,"63":0,"64":0,"65":0,"66":0,"67":0,"68":0,"69":0,"70":0,"71":0,"72":0,"73":0,"74":0,"75":0,"76":0,"77":0,"78":0,"79":0,"80":0,"81":0,"82":0,"83":0,"84":0,"85":0,"86":1,"87":0,"88":0,"89":0,"90":0,"91":0,"92":0,"93":0,"94":0,"95":0,"96":0,"97":0,"98":0,"99":0,"100":2,"101":0,"102":0,"103":0,"104":0,"105":0,"106":0,"107":0,"108":0,"109":0,"110":0,"111":0,"112":0,"113":0,"114":0,"115":0,"116":0,"117":0,"118":0,"119":0,"120":0,"121":0},"fnMap":{"1":{"name":"now","line":17,"loc":{"start":{"line":17,"column":0},"end":{"line":17,"column":15}}},"2":{"name":"Raven","line":32,"loc":{"start":{"line":32,"column":0},"end":{"line":32,"column":17}}},"3":{"name":"(anonymous_3)","line":106,"loc":{"start":{"line":106,"column":12},"end":{"line":106,"column":35}}},"4":{"name":"(anonymous_4)","line":119,"loc":{"start":{"line":119,"column":26},"end":{"line":119,"column":46}}},"5":{"name":"(anonymous_5)","line":172,"loc":{"start":{"line":172,"column":13},"end":{"line":172,"column":24}}},"6":{"name":"(anonymous_6)","line":175,"loc":{"start":{"line":175,"column":38},"end":{"line":175,"column":50}}},"7":{"name":"(anonymous_7)","line":197,"loc":{"start":{"line":197,"column":12},"end":{"line":197,"column":26}}},"8":{"name":"(anonymous_8)","line":226,"loc":{"start":{"line":226,"column":13},"end":{"line":226,"column":43}}},"9":{"name":"(anonymous_9)","line":244,"loc":{"start":{"line":244,"column":10},"end":{"line":244,"column":43}}},"10":{"name":"wrapped","line":281,"loc":{"start":{"line":281,"column":8},"end":{"line":281,"column":27}}},"11":{"name":"(anonymous_11)","line":328,"loc":{"start":{"line":328,"column":15},"end":{"line":328,"column":26}}},"12":{"name":"(anonymous_12)","line":346,"loc":{"start":{"line":346,"column":22},"end":{"line":346,"column":44}}},"13":{"name":"(anonymous_13)","line":382,"loc":{"start":{"line":382,"column":20},"end":{"line":382,"column":43}}},"14":{"name":"(anonymous_14)","line":435,"loc":{"start":{"line":435,"column":23},"end":{"line":435,"column":38}}},"15":{"name":"(anonymous_15)","line":457,"loc":{"start":{"line":457,"column":15},"end":{"line":457,"column":57}}},"16":{"name":"(anonymous_16)","line":474,"loc":{"start":{"line":474,"column":20},"end":{"line":474,"column":35}}},"17":{"name":"(anonymous_17)","line":487,"loc":{"start":{"line":487,"column":21},"end":{"line":487,"column":37}}},"18":{"name":"(anonymous_18)","line":499,"loc":{"start":{"line":499,"column":20},"end":{"line":499,"column":35}}},"19":{"name":"(anonymous_19)","line":510,"loc":{"start":{"line":510,"column":18},"end":{"line":510,"column":29}}},"20":{"name":"(anonymous_20)","line":521,"loc":{"start":{"line":521,"column":16},"end":{"line":521,"column":27}}},"21":{"name":"(anonymous_21)","line":533,"loc":{"start":{"line":533,"column":20},"end":{"line":533,"column":42}}},"22":{"name":"(anonymous_22)","line":545,"loc":{"start":{"line":545,"column":16},"end":{"line":545,"column":34}}},"23":{"name":"(anonymous_23)","line":558,"loc":{"start":{"line":558,"column":21},"end":{"line":558,"column":40}}},"24":{"name":"(anonymous_24)","line":561,"loc":{"start":{"line":561,"column":12},"end":{"line":561,"column":28}}},"25":{"name":"(anonymous_25)","line":574,"loc":{"start":{"line":574,"column":27},"end":{"line":574,"column":46}}},"26":{"name":"(anonymous_26)","line":577,"loc":{"start":{"line":577,"column":12},"end":{"line":577,"column":28}}},"27":{"name":"(anonymous_27)","line":590,"loc":{"start":{"line":590,"column":27},"end":{"line":590,"column":46}}},"28":{"name":"(anonymous_28)","line":593,"loc":{"start":{"line":593,"column":14},"end":{"line":593,"column":30}}},"29":{"name":"(anonymous_29)","line":608,"loc":{"start":{"line":608,"column":18},"end":{"line":608,"column":38}}},"30":{"name":"(anonymous_30)","line":619,"loc":{"start":{"line":619,"column":19},"end":{"line":619,"column":30}}},"31":{"name":"(anonymous_31)","line":628,"loc":{"start":{"line":628,"column":17},"end":{"line":628,"column":28}}},"32":{"name":"(anonymous_32)","line":637,"loc":{"start":{"line":637,"column":13},"end":{"line":637,"column":24}}},"33":{"name":"(anonymous_33)","line":649,"loc":{"start":{"line":649,"column":15},"end":{"line":649,"column":27}}},"34":{"name":"(anonymous_34)","line":659,"loc":{"start":{"line":659,"column":22},"end":{"line":659,"column":41}}},"35":{"name":"(anonymous_35)","line":695,"loc":{"start":{"line":695,"column":24},"end":{"line":695,"column":36}}},"36":{"name":"(anonymous_36)","line":698,"loc":{"start":{"line":698,"column":19},"end":{"line":698,"column":31}}},"37":{"name":"(anonymous_37)","line":704,"loc":{"start":{"line":704,"column":19},"end":{"line":704,"column":48}}},"38":{"name":"(anonymous_38)","line":747,"loc":{"start":{"line":747,"column":29},"end":{"line":747,"column":47}}},"39":{"name":"(anonymous_39)","line":749,"loc":{"start":{"line":749,"column":15},"end":{"line":749,"column":30}}},"40":{"name":"(anonymous_40)","line":786,"loc":{"start":{"line":786,"column":27},"end":{"line":786,"column":38}}},"41":{"name":"(anonymous_41)","line":793,"loc":{"start":{"line":793,"column":15},"end":{"line":793,"column":30}}},"42":{"name":"(anonymous_42)","line":817,"loc":{"start":{"line":817,"column":47},"end":{"line":817,"column":59}}},"43":{"name":"(anonymous_43)","line":829,"loc":{"start":{"line":829,"column":23},"end":{"line":829,"column":42}}},"44":{"name":"(anonymous_44)","line":858,"loc":{"start":{"line":858,"column":25},"end":{"line":858,"column":36}}},"45":{"name":"wrapTimeFn","line":863,"loc":{"start":{"line":863,"column":8},"end":{"line":863,"column":34}}},"46":{"name":"(anonymous_46)","line":864,"loc":{"start":{"line":864,"column":19},"end":{"line":864,"column":36}}},"47":{"name":"wrapEventTarget","line":889,"loc":{"start":{"line":889,"column":8},"end":{"line":889,"column":41}}},"48":{"name":"(anonymous_48)","line":892,"loc":{"start":{"line":892,"column":48},"end":{"line":892,"column":63}}},"49":{"name":"(anonymous_49)","line":893,"loc":{"start":{"line":893,"column":27},"end":{"line":893,"column":67}}},"50":{"name":"(anonymous_50)","line":913,"loc":{"start":{"line":913,"column":37},"end":{"line":913,"column":52}}},"51":{"name":"(anonymous_51)","line":936,"loc":{"start":{"line":936,"column":51},"end":{"line":936,"column":67}}},"52":{"name":"(anonymous_52)","line":937,"loc":{"start":{"line":937,"column":27},"end":{"line":937,"column":63}}},"53":{"name":"(anonymous_53)","line":952,"loc":{"start":{"line":952,"column":51},"end":{"line":952,"column":67}}},"54":{"name":"(anonymous_54)","line":953,"loc":{"start":{"line":953,"column":23},"end":{"line":953,"column":37}}},"55":{"name":"(anonymous_55)","line":977,"loc":{"start":{"line":977,"column":28},"end":{"line":977,"column":40}}},"56":{"name":"wrapProp","line":983,"loc":{"start":{"line":983,"column":8},"end":{"line":983,"column":37}}},"57":{"name":"(anonymous_57)","line":985,"loc":{"start":{"line":985,"column":32},"end":{"line":985,"column":48}}},"58":{"name":"(anonymous_58)","line":993,"loc":{"start":{"line":993,"column":35},"end":{"line":993,"column":54}}},"59":{"name":"(anonymous_59)","line":994,"loc":{"start":{"line":994,"column":23},"end":{"line":994,"column":46}}},"60":{"name":"(anonymous_60)","line":1009,"loc":{"start":{"line":1009,"column":35},"end":{"line":1009,"column":54}}},"61":{"name":"(anonymous_61)","line":1010,"loc":{"start":{"line":1010,"column":23},"end":{"line":1010,"column":39}}},"62":{"name":"onreadystatechangeHandler","line":1013,"loc":{"start":{"line":1013,"column":20},"end":{"line":1013,"column":57}}},"63":{"name":"(anonymous_63)","line":1034,"loc":{"start":{"line":1034,"column":56},"end":{"line":1034,"column":72}}},"64":{"name":"(anonymous_64)","line":1049,"loc":{"start":{"line":1049,"column":35},"end":{"line":1049,"column":55}}},"65":{"name":"(anonymous_65)","line":1050,"loc":{"start":{"line":1050,"column":23},"end":{"line":1050,"column":40}}},"66":{"name":"(anonymous_66)","line":1087,"loc":{"start":{"line":1087,"column":60},"end":{"line":1087,"column":80}}},"67":{"name":"(anonymous_67)","line":1120,"loc":{"start":{"line":1120,"column":33},"end":{"line":1120,"column":45}}},"68":{"name":"(anonymous_68)","line":1129,"loc":{"start":{"line":1129,"column":39},"end":{"line":1129,"column":64}}},"69":{"name":"(anonymous_69)","line":1132,"loc":{"start":{"line":1132,"column":23},"end":{"line":1132,"column":58}}},"70":{"name":"(anonymous_70)","line":1148,"loc":{"start":{"line":1148,"column":40},"end":{"line":1148,"column":61}}},"71":{"name":"(anonymous_71)","line":1156,"loc":{"start":{"line":1156,"column":60},"end":{"line":1156,"column":80}}},"72":{"name":"(anonymous_72)","line":1163,"loc":{"start":{"line":1163,"column":22},"end":{"line":1163,"column":34}}},"73":{"name":"(anonymous_73)","line":1177,"loc":{"start":{"line":1177,"column":19},"end":{"line":1177,"column":30}}},"74":{"name":"(anonymous_74)","line":1181,"loc":{"start":{"line":1181,"column":28},"end":{"line":1181,"column":48}}},"75":{"name":"(anonymous_75)","line":1188,"loc":{"start":{"line":1188,"column":15},"end":{"line":1188,"column":29}}},"76":{"name":"(anonymous_76)","line":1206,"loc":{"start":{"line":1206,"column":22},"end":{"line":1206,"column":36}}},"77":{"name":"(anonymous_77)","line":1217,"loc":{"start":{"line":1217,"column":29},"end":{"line":1217,"column":40}}},"78":{"name":"(anonymous_78)","line":1224,"loc":{"start":{"line":1224,"column":22},"end":{"line":1224,"column":51}}},"79":{"name":"(anonymous_79)","line":1242,"loc":{"start":{"line":1242,"column":20},"end":{"line":1242,"column":49}}},"80":{"name":"(anonymous_80)","line":1246,"loc":{"start":{"line":1246,"column":34},"end":{"line":1246,"column":53}}},"81":{"name":"(anonymous_81)","line":1265,"loc":{"start":{"line":1265,"column":21},"end":{"line":1265,"column":37}}},"82":{"name":"(anonymous_82)","line":1288,"loc":{"start":{"line":1288,"column":23},"end":{"line":1288,"column":81}}},"83":{"name":"(anonymous_83)","line":1329,"loc":{"start":{"line":1329,"column":17},"end":{"line":1329,"column":32}}},"84":{"name":"(anonymous_84)","line":1360,"loc":{"start":{"line":1360,"column":22},"end":{"line":1360,"column":45}}},"85":{"name":"(anonymous_85)","line":1383,"loc":{"start":{"line":1383,"column":18},"end":{"line":1383,"column":29}}},"86":{"name":"(anonymous_86)","line":1406,"loc":{"start":{"line":1406,"column":19},"end":{"line":1406,"column":30}}},"87":{"name":"(anonymous_87)","line":1411,"loc":{"start":{"line":1411,"column":20},"end":{"line":1411,"column":31}}},"88":{"name":"(anonymous_88)","line":1424,"loc":{"start":{"line":1424,"column":19},"end":{"line":1424,"column":38}}},"89":{"name":"(anonymous_89)","line":1444,"loc":{"start":{"line":1444,"column":22},"end":{"line":1444,"column":40}}},"90":{"name":"(anonymous_90)","line":1478,"loc":{"start":{"line":1478,"column":11},"end":{"line":1478,"column":26}}},"91":{"name":"(anonymous_91)","line":1558,"loc":{"start":{"line":1558,"column":14},"end":{"line":1558,"column":26}}},"92":{"name":"(anonymous_92)","line":1562,"loc":{"start":{"line":1562,"column":27},"end":{"line":1562,"column":52}}},"93":{"name":"success","line":1614,"loc":{"start":{"line":1614,"column":23},"end":{"line":1614,"column":42}}},"94":{"name":"failure","line":1623,"loc":{"start":{"line":1623,"column":21},"end":{"line":1623,"column":45}}},"95":{"name":"(anonymous_95)","line":1640,"loc":{"start":{"line":1640,"column":18},"end":{"line":1640,"column":33}}},"96":{"name":"(anonymous_96)","line":1653,"loc":{"start":{"line":1653,"column":41},"end":{"line":1653,"column":53}}},"97":{"name":"(anonymous_97)","line":1675,"loc":{"start":{"line":1675,"column":34},"end":{"line":1675,"column":46}}},"98":{"name":"(anonymous_98)","line":1689,"loc":{"start":{"line":1689,"column":15},"end":{"line":1689,"column":31}}},"99":{"name":"(anonymous_99)","line":1700,"loc":{"start":{"line":1700,"column":19},"end":{"line":1700,"column":42}}},"100":{"name":"isUndefined","line":1717,"loc":{"start":{"line":1717,"column":0},"end":{"line":1717,"column":27}}},"101":{"name":"isFunction","line":1721,"loc":{"start":{"line":1721,"column":0},"end":{"line":1721,"column":26}}},"102":{"name":"isString","line":1725,"loc":{"start":{"line":1725,"column":0},"end":{"line":1725,"column":24}}},"103":{"name":"isEmptyObject","line":1730,"loc":{"start":{"line":1730,"column":0},"end":{"line":1730,"column":29}}},"104":{"name":"each","line":1735,"loc":{"start":{"line":1735,"column":0},"end":{"line":1735,"column":29}}},"105":{"name":"objectMerge","line":1754,"loc":{"start":{"line":1754,"column":0},"end":{"line":1754,"column":33}}},"106":{"name":"(anonymous_106)","line":1758,"loc":{"start":{"line":1758,"column":15},"end":{"line":1758,"column":35}}},"107":{"name":"truncate","line":1764,"loc":{"start":{"line":1764,"column":0},"end":{"line":1764,"column":28}}},"108":{"name":"hasKey","line":1775,"loc":{"start":{"line":1775,"column":0},"end":{"line":1775,"column":29}}},"109":{"name":"joinRegExp","line":1779,"loc":{"start":{"line":1779,"column":0},"end":{"line":1779,"column":30}}},"110":{"name":"urlencode","line":1801,"loc":{"start":{"line":1801,"column":0},"end":{"line":1801,"column":22}}},"111":{"name":"(anonymous_111)","line":1803,"loc":{"start":{"line":1803,"column":12},"end":{"line":1803,"column":33}}},"112":{"name":"parseUrl","line":1812,"loc":{"start":{"line":1812,"column":0},"end":{"line":1812,"column":23}}},"113":{"name":"uuid4","line":1826,"loc":{"start":{"line":1826,"column":0},"end":{"line":1826,"column":17}}},"114":{"name":"(anonymous_114)","line":1839,"loc":{"start":{"line":1839,"column":18},"end":{"line":1839,"column":32}}},"115":{"name":"(anonymous_115)","line":1851,"loc":{"start":{"line":1851,"column":67},"end":{"line":1851,"column":79}}},"116":{"name":"htmlTreeAsString","line":1866,"loc":{"start":{"line":1866,"column":0},"end":{"line":1866,"column":32}}},"117":{"name":"htmlElementAsString","line":1903,"loc":{"start":{"line":1903,"column":0},"end":{"line":1903,"column":35}}},"118":{"name":"isOnlyOneTruthy","line":1941,"loc":{"start":{"line":1941,"column":0},"end":{"line":1941,"column":31}}},"119":{"name":"isSameException","line":1948,"loc":{"start":{"line":1948,"column":0},"end":{"line":1948,"column":35}}},"120":{"name":"isSameStacktrace","line":1965,"loc":{"start":{"line":1965,"column":0},"end":{"line":1965,"column":42}}},"121":{"name":"fill","line":1997,"loc":{"start":{"line":1997,"column":0},"end":{"line":1997,"column":45}}}},"statementMap":{"1":{"start":{"line":4,"column":0},"end":{"line":4,"column":54}},"2":{"start":{"line":5,"column":0},"end":{"line":5,"column":67}},"3":{"start":{"line":6,"column":0},"end":{"line":6,"column":48}},"4":{"start":{"line":7,"column":0},"end":{"line":7,"column":31}},"5":{"start":{"line":9,"column":0},"end":{"line":10,"column":30}},"6":{"start":{"line":12,"column":0},"end":{"line":12,"column":56}},"7":{"start":{"line":14,"column":0},"end":{"line":15,"column":81}},"8":{"start":{"line":17,"column":0},"end":{"line":19,"column":1}},"9":{"start":{"line":18,"column":4},"end":{"line":18,"column":23}},"10":{"start":{"line":22,"column":0},"end":{"line":25,"column":17}},"11":{"start":{"line":26,"column":0},"end":{"line":26,"column":33}},"12":{"start":{"line":27,"column":0},"end":{"line":27,"column":35}},"13":{"start":{"line":32,"column":0},"end":{"line":80,"column":1}},"14":{"start":{"line":33,"column":4},"end":{"line":33,"column":67}},"15":{"start":{"line":35,"column":4},"end":{"line":35,"column":48}},"16":{"start":{"line":36,"column":4},"end":{"line":36,"column":50}},"17":{"start":{"line":37,"column":4},"end":{"line":37,"column":39}},"18":{"start":{"line":38,"column":4},"end":{"line":38,"column":26}},"19":{"start":{"line":39,"column":4},"end":{"line":39,"column":29}},"20":{"start":{"line":40,"column":4},"end":{"line":40,"column":30}},"21":{"start":{"line":41,"column":4},"end":{"line":41,"column":27}},"22":{"start":{"line":42,"column":4},"end":{"line":42,"column":31}},"23":{"start":{"line":43,"column":4},"end":{"line":43,"column":29}},"24":{"start":{"line":44,"column":4},"end":{"line":59,"column":6}},"25":{"start":{"line":60,"column":4},"end":{"line":60,"column":28}},"26":{"start":{"line":61,"column":4},"end":{"line":61,"column":35}},"27":{"start":{"line":62,"column":4},"end":{"line":62,"column":63}},"28":{"start":{"line":65,"column":4},"end":{"line":65,"column":50}},"29":{"start":{"line":66,"column":4},"end":{"line":66,"column":38}},"30":{"start":{"line":67,"column":4},"end":{"line":67,"column":23}},"31":{"start":{"line":68,"column":4},"end":{"line":68,"column":28}},"32":{"start":{"line":69,"column":4},"end":{"line":69,"column":31}},"33":{"start":{"line":70,"column":4},"end":{"line":70,"column":27}},"34":{"start":{"line":71,"column":4},"end":{"line":71,"column":35}},"35":{"start":{"line":72,"column":4},"end":{"line":72,"column":26}},"36":{"start":{"line":73,"column":4},"end":{"line":73,"column":38}},"37":{"start":{"line":74,"column":4},"end":{"line":74,"column":59}},"38":{"start":{"line":75,"column":4},"end":{"line":75,"column":25}},"39":{"start":{"line":77,"column":4},"end":{"line":79,"column":5}},"40":{"start":{"line":78,"column":6},"end":{"line":78,"column":75}},"41":{"start":{"line":88,"column":0},"end":{"line":1707,"column":2}},"42":{"start":{"line":107,"column":8},"end":{"line":107,"column":24}},"43":{"start":{"line":109,"column":8},"end":{"line":112,"column":9}},"44":{"start":{"line":110,"column":16},"end":{"line":110,"column":84}},"45":{"start":{"line":111,"column":12},"end":{"line":111,"column":24}},"46":{"start":{"line":113,"column":8},"end":{"line":113,"column":30}},"47":{"start":{"line":113,"column":18},"end":{"line":113,"column":30}},"48":{"start":{"line":115,"column":8},"end":{"line":115,"column":48}},"49":{"start":{"line":118,"column":8},"end":{"line":127,"column":9}},"50":{"start":{"line":119,"column":12},"end":{"lin
[...]
:4},"end":{"line":213,"column":5}},"84":{"start":{"line":212,"column":8},"end":{"line":212,"column":36}},"85":{"start":{"line":215,"column":4},"end":{"line":217,"column":5}},"86":{"start":{"line":216,"column":8},"end":{"line":216,"column":63}},"87":{"start":{"line":221,"column":4},"end":{"line":221,"column":94}},"88":{"start":{"line":222,"column":4},"end":{"line":226,"column":5}},"89":{"start":{"line":223,"column":8},"end":{"line":225,"column":11}},"90":{"start":{"line":224,"column":12},"end":{"line":224,"column":71}},"91":{"start":{"line":229,"column":0},"end":{"line":229,"column":35}}},"branchMap":{"1":{"line":46,"type":"if","locations":[{"start":{"line":46,"column":8},"end":{"line":46,"column":8}},{"start":{"line":46,"column":8},"end":{"line":46,"column":8}}]},"2":{"line":56,"type":"binary-expr","locations":[{"start":{"line":56,"column":14},"end":{"line":56,"column":21}},{"start":{"line":56,"column":25},"end":{"line":56,"column":27}}]},"3":{"line":70,"type":"binary-expr","locations":[{"start":{"line":70,"column":12},"end":{"line":70,"column":32}},{"start":{"line":70,"column":36},"end":{"line":70,"column":65}}]},"4":{"line":71,"type":"if","locations":[{"start":{"line":71,"column":12},"end":{"line":71,"column":12}},{"start":{"line":71,"column":12},"end":{"line":71,"column":12}}]},"5":{"line":73,"type":"if","locations":[{"start":{"line":73,"column":16},"end":{"line":73,"column":16}},{"start":{"line":73,"column":16},"end":{"line":73,"column":16}}]},"6":{"line":85,"type":"binary-expr","locations":[{"start":{"line":85,"column":25},"end":{"line":85,"column":52}},{"start":{"line":85,"column":56},"end":{"line":85,"column":85}},{"start":{"line":85,"column":89},"end":{"line":85,"column":114}}]},"7":{"line":88,"type":"if","locations":[{"start":{"line":88,"column":8},"end":{"line":88,"column":8}},{"start":{"line":88,"column":8},"end":{"line":88,"column":8}}]},"8":{"line":90,"type":"cond-expr","locations":[{"start":{"line":90,"column":38},"end":{"line":90,"column":71}},{"start":{"line":90,"column":74},"end":{"line":90,"column":78}}]},"9":{"line":113,"type":"binary-expr","locations":[{"start":{"line":113,"column":32},"end":{"line":113,"column":39}},{"start":{"line":113,"column":43},"end":{"line":113,"column":58}}]},"10":{"line":114,"type":"if","locations":[{"start":{"line":114,"column":8},"end":{"line":114,"column":8}},{"start":{"line":114,"column":8},"end":{"line":114,"column":8}}]},"11":{"line":115,"type":"if","locations":[{"start":{"line":115,"column":12},"end":{"line":115,"column":12}},{"start":{"line":115,"column":12},"end":{"line":115,"column":12}}]},"12":{"line":126,"type":"if","locations":[{"start":{"line":126,"column":8},"end":{"line":126,"column":8}},{"start":{"line":126,"column":8},"end":{"line":126,"column":8}}]},"13":{"line":175,"type":"if","locations":[{"start":{"line":175,"column":8},"end":{"line":175,"column":8}},{"start":{"line":175,"column":8},"end":{"line":175,"column":8}}]},"14":{"line":179,"type":"if","locations":[{"start":{"line":179,"column":8},"end":{"line":179,"column":8}},{"start":{"line":179,"column":8},"end":{"line":179,"column":8}}]},"15":{"line":180,"type":"if","locations":[{"start":{"line":180,"column":12},"end":{"line":180,"column":12}},{"start":{"line":180,"column":12},"end":{"line":180,"column":12}}]},"16":{"line":184,"type":"if","locations":[{"start":{"line":184,"column":12},"end":{"line":184,"column":12}},{"start":{"line":184,"column":12},"end":{"line":184,"column":12}}]},"17":{"line":211,"type":"if","locations":[{"start":{"line":211,"column":4},"end":{"line":211,"column":4}},{"start":{"line":211,"column":4},"end":{"line":211,"column":4}}]},"18":{"line":215,"type":"if","locations":[{"start":{"line":215,"column":4},"end":{"line":215,"column":4}},{"start":{"line":215,"column":4},"end":{"line":215,"column":4}}]},"19":{"line":221,"type":"binary-expr","locations":[{"start":{"line":221,"column":21},"end":{"line":221,"column":36}},{"start":{"line":221,"column":40},"end":{"line":221,"column":54}},{"start":{"line":221,"column":58},"end":{"line":221,"column":93}}]},"20":{"line":222,"type":"if","locations":[{"start":{"line":222,"column":4},"end":{"line":222,"column":4}},{"start":{"line":222,"column":4},"end":{"line":222,"column":4}}]}},"code":["/*global ErrorUtils:false*/","","/**"," * react-native plugin for Raven"," *"," * Usage:"," *   var Raven = require('raven-js');"," *   Raven.addPlugin(require('raven-js/plugins/react-native'));"," *"," * Options:"," *"," *   pathStrip: A RegExp that matches the portions of a file URI that should be"," *     removed from stacks prior to submission."," *"," *   onInitialize: A callback that fires once the plugin has fully initialized"," *     and checked for any previously thrown fatals.  If there was a fatal, its"," *     data payload will be passed as the first argument of the callback."," *"," */","'use strict';","","// Example React Native path format (iOS):","// /var/containers/Bundle/Application/{DEVICE_ID}/HelloWorld.app/main.jsbundle","","var PATH_STRIP_RE = /^.*\\/[^\\.]+(\\.app|CodePush)/;","var stringify = require('../vendor/json-stringify-safe/stringify');","var FATAL_ERROR_KEY = '--rn-fatal--';","var ASYNC_STORAGE_KEY = '--raven-js-global-error-payload--';","","/**"," * Strip device-specific IDs from React Native file:// paths"," */","function normalizeUrl(url, pathStripRe) {","    return url","        .replace(/^file\\:\\/\\//, '')","        .replace(pathStripRe, '');","}","","/**"," * Extract key/value pairs from an object and encode them for"," * use in a query string"," */","function urlencode(obj) {","    var pairs = [];","    for (var key in obj) {","        if ({}.hasOwnProperty.call(obj, key))","            pairs.push(encodeURIComponent(key) + '=' + encodeURIComponent(obj[key]));","    }","    return pairs.join('&');","}","","/**"," * Initializes React Native plugin"," */","function reactNativePlugin(Raven, options) {","    options = options || {};","","    // react-native doesn't have a document, so can't use default Image","    // transport - use XMLHttpRequest instead","    Raven.setTransport(reactNativePlugin._transport);","","    // Use data callback to strip device-specific paths from stack traces","    Raven.setDataCallback(function(data) {","        reactNativePlugin._normalizeData(data, options.pathStrip)","    });","","    // Check for a previously persisted payload, and report it.","    reactNativePlugin._restorePayload()","        .then(function(payload) {","            options.onInitialize && options.onInitialize(payload);","            if (!payload) return;","            Raven._sendProcessedPayload(payload, function(error) {","                if (error) return; // Try again next launch.","                reactNativePlugin._clearPayload();","            });","        })","        ['catch'](function() {});","","    // Make sure that if multiple fatals occur, we only persist the first one.","    //","    // The first error is probably the most important/interesting error, and we","    // want to crash ASAP, rather than potentially queueing up multiple errors.","    var handlingFatal = false;","","    var defaultHandler = ErrorUtils.getGlobalHandler && ErrorUtils.getGlobalHandler() || ErrorUtils._globalHandler;","","    Raven.setShouldSendCallback(function(data, originalCallback) {","        if (!(FATAL_ERROR_KEY in data)) {","            // not a fatal (will not crash runtime), continue as planned","            return originalCallback ? originalCallback.call(this, data) : true;","        }","","        var origError = data[FATAL_ERROR_KEY];","        delete data[FATAL_ERROR_KEY];","","        reactNativePlugin._persistPayload(data)","            .then(function() {","                defaultHandler(origError, true);","                handlingFatal = false; // In case it isn't configured to crash.","                return null;","            })","            ['catch'](function() {});","","        return false; // Do not continue.","    });","","    ErrorUtils.setGlobalHandler(function(error, isFatal) {","        var captureOptions = {","            timestamp: new Date() / 1000","        };","        var error = arguments[0];","        // We want to handle fatals, but only in production mode.","        var shouldHandleFatal = isFatal && !global.__DEV__;","        if (shouldHandleFatal) {","            if (handlingFatal) {","                console.log('Encountered multiple fatals in a row. The latest:', error);","                return;","            }","            handlingFatal = true;","            // We need to preserve the original error so that it can be rethrown","            // after it is persisted (see our shouldSendCallback above).","            captureOptions[FATAL_ERROR_KEY] = error;","        }","        Raven.captureException(error, captureOptions);","        // Handle non-fatals regularly.","        if (!shouldHandleFatal) {","            defaultHandler(error);","        }","    });","}","","/**"," * Saves the payload for a globally-thrown error, so that we can report it on"," * next launch."," *"," * Returns a promise that guarantees never to reject."," */","reactNativePlugin._persistPayload = function(payload) {","    var AsyncStorage = require('react-native').AsyncStorage;","    return AsyncStorage.setItem(ASYNC_STORAGE_KEY, stringify(payload))","        ['catch'](function() { return null; });","}","","/**"," * Checks for any previously persisted errors (e.g. from last crash)"," *"," * Returns a promise that guarantees never to reject."," */","reactNativePlugin._restorePayload = function() {","    var AsyncStorage = require('react-native').AsyncStorage;","    var promise = AsyncStorage.getItem(ASYNC_STORAGE_KEY)","        .then(function(payload) { return JSON.parse(payload); })","        ['catch'](function() { return null; });","    // Make sure that we fetch ASAP.","    AsyncStorage.flushGetRequests();","","    return promise;","};","","/**"," * Clears any persisted payloads."," */","reactNativePlugin._clearPayload = function() {","    var AsyncStorage = require('react-native').AsyncStorage;","    return AsyncStorage.removeItem(ASYNC_STORAGE_KEY)","        ['catch'](function() { return null; });","}","","/**"," * Custom HTTP transport for use with React Native applications."," */","reactNativePlugin._transport = function (options) {","    var request = new XMLHttpRequest();","    request.onreadystatechange = function (e) {","        if (request.readyState !== 4) {","            return;","        }","","        if (request.status === 200) {","            if (options.onSuccess) {","                options.onSuccess();","            }","        } else {","            if (options.onError) {","                var err = new Error('Sentry error code: ' + request.status);","                err.request = request;","                options.onError(err);","            }","        }","    };","","    request.open('POST', options.url + '?' + urlencode(options.auth));","","    // NOTE: React Native ignores CORS and will NOT send a preflight","    //       request for application/json.","    // See: https://facebook.github.io/react-native/docs/network.html#xmlhttprequest","    request.setRequestHeader('Content-type', 'application/json');","","    // Sentry expects an Origin header when using HTTP POST w/ public DSN.","    // Just set a phony Origin value; only matters if Sentry Project is configured","    // to whitelist specific origins.","    request.setRequestHeader('Origin', 'react-native://');","    request.send(stringify(options.data));","};","","/**"," * Strip device-specific IDs found in culprit and frame filenames"," * when running React Native applications on a physical device."," */","reactNativePlugin._normalizeData = function (data, pathStripRe) {","    if (!pathStripRe) {","        pathStripRe = PATH_STRIP_RE;","    }","","    if (data.culprit) {","        data.culprit = normalizeUrl(data.culprit, pathStripRe);","    }","","    // NOTE: if data.exception exists, exception.values and exception.values[0] are","    // guaranteed to exist","    var stacktrace = data.stacktrace || data.exception && data.exception.values[0].stacktrace;","    if (stacktrace) {","        stacktrace.frames.forEach(function (frame) {","            frame.filename = normalizeUrl(frame.filename, pathStripRe);","        });","    }","};","","module.exports = reactNativePlugin;",""],"l":{"25":1,"26":1,"27":1,"28":1,"33":1,"34":0,"43":1,"44":0,"45":0,"46":0,"47":0,"49":0,"55":1,"56":0,"60":0,"63":0,"64":0,"68":0,"70":0,"71":0,"72":0,"73":0,"74":0,"83":0,"85":0,"87":0,"88":0,"90":0,"93":0,"94":0,"96":0,"98":0,"99":0,"100":0,"104":0,"107":0,"108":0,"111":0,"113":0,"114":0,"115":0,"116":0,"117":0,"119":0,"122":0,"124":0,"126":0,"127":0,"138":1,"139":0,"140":0,"141":0,"149":1,"150":0,"151":0,"152":0,"153":0,"155":0,"157":0,"163":1,"164":0,"165":0,"166":0,"172":1,"173":0,"174":0,"175":0,"176":0,"179":0,"180":0,"181":0,"184":0,"185":0,"186":0,"187":0,"192":0,"197":0,"202":0,"203":0,"210":1,"211":0,"212":0,"215":0,"216":0,"221":0,"222":0,"223":0,"224":0,"229":1}},"/home/travis/build/npmtest/node-npmtest-raven-js/node_modules/raven-js/plugins/require.js":{"path":"/home/travis/build/npmtest/node-npmtest-raven-js/node_modules/raven-js/plugins/require.js","s":{"1":1,"2":0,"3":0,"4":0,"5":1},"b":{"1":[0,0],"2":[0,0]},"f":{"1":0},"fnMap":{"1":{"name":"requirePlugin","line":9,"loc":{"start":{"line":9,"column":0},"end":{"line":9,"column":30}}}},"statementMap":{"1":{"start":{"line":9,"column":0},"end":{"line":14,"column":1}},"2":{"start":{"line":10,"column":4},"end":{"line":13,"column":5}},"3":{"start":{"line":11,"column":8},"end":{"line":11,"column":58}},"4":{"start":{"line":12,"column":8},"end":{"line":12,"column":60}},"5":{"start":{"line":16,"column":0},"end":{"line":16,"column":31}}},"branchMap":{"1":{"line":10,"type":"if","locations":[{"start":{"line":10,"column":4},"end":{"line":10,"column":4}},{"start":{"line":10,"column":4},"end":{"line":10,"column":4}}]},"2":{"line":10,"type":"binary-expr","locations":[{"start":{"line":10,"column":8},"end":{"line":10,"column":36}},{"start":{"line":10,"column":40},"end":{"line":10,"column":50}}]}},"code":["/*global define*/","/**"," * require.js plugin"," *"," * Automatically wrap define/require callbacks. (Experimental)"," */","'use strict';","","function requirePlugin(Raven) {","    if (typeof define === 'function' && define.amd) {","        window.define = Raven.wrap({deep: false}, define);","        window.require = Raven.wrap({deep: false}, require);","    }","}","","module.exports = requirePlugin;",""],"l":{"9":1,"10":0,"11":0,"12":0,"16":1}},"/home/travis/build/npmtest/node-npmtest-raven-js/node_modules/raven-js/plugins/vue.js":{"path":"/home/travis/build/npmtest/node-npmtest-raven-js/node_modules/raven-js/plugins/vue.js","s":{"1":1,"2":0,"3":0,"4":0,"5":0,"6":1,"7":0,"8":0,"9":0,"10":0,"11":0,"12":0,"13":0,"14":0,"15":1},"b":{"1":[0,0],"2":[0,0],"3":[0,0],"4":[0,0],"5":[0,0],"6":[0,0],"7":[0,0],"8":[0,0],"9":[0,0],"10":[0,0]},"f":{"1":0,"2":0,"3":0},"fnMap":{"1":{"name":"formatComponentName","line":7,"loc":{"start":{"line":7,"column":0},"end":{"line":7,"column":34}}},"2":{"name":"vuePlugin","line":18,"loc":{"start":{"line":18,"column":0},"end":{"line":18,"column":31}}},"3":{"name":"VueErrorHandler","line":25,"loc":{"start":{"line":25,"column":30},"end":{"line":25,"column":66}}}},"statementMap":{"1":{"start":{"line":7,"column":0},"end":{"line":16,"column":1}},"2":{"start":{"line":8,"column":4},"end":{"line":10,"column":5}},"3":{"start":{"line":9,"column":8},"end":{"line":9,"column":30}},"4":{"start":{"line":11,"column":4},"end":{"line":13,"column":17}},"5":{"start":{"line":14,"column":4},"end":{"line":15,"column":77}},"6":{"start":{"line":18,"column":0},"end":{"line":37,"column":1}},"7":{"start":{"line":19,"column":4},"end":{"line":19,"column":28}},"8":{"start":{"line":22,"column":4},"end":{"line":22,"column":36}},"9":{"start":{"line":22,"column":29},"end":{"line":22,"column":36}},"10":{"start":{"line":24,"column":4},"end":{"line":24,"column":46}},"11":{"start":{"line":25,"column":4},"end":{"line":36,"column":6}},"12":{"start":{"line":26,"column":8},"end":{"line":31,"column":11}},"13":{"start":{"line":33,"column":8},"end":{"line":35,"column":9}},"14":{"start":{"line":34,"column":12},"end":{"line":34,"column":46}},"15":{"start":{"line":39,"column":0},"end":{"line":39,"column":27}}},"branchMap":{"1":{"line":8,"type":"if","locations":[{"start":{"line":8,"column":4},"end":{"line":8,"column":4}},{"start":{"line":8,"column":4},"end":{"line":8,"column":4}}]},"2":{"line":11,"type":"cond-expr","locations":[{"start":{"line":12,"column":10},"end":{"line":12,"column":55}},{"start":{"line":13,"column":10},"end":{"line":13,"column":17}}]},"3":{"line":12,"type":"binary-expr","locations":[{"start":{"line":12,"column":10},"end":{"line":12,"column":26}},{"start":{"line":12,"column":30},"end":{"line":12,"column":55}}]},"4":{"line":14,"type":"cond-expr","locations":[{"start":{"line":14,"column":19},"end":{"line":14,"column":45}},{"start":{"line":14,"column":48},"end":{"line":14,"column":69}}]},"5":{"line":15,"type":"cond-expr","locations":[{"start":{"line":15,"column":43},"end":{"line":15,"column":70}},{"start":{"line":15,"column":74},"end":{"line":15,"column":76}}]},"6":{"line":15,"type":"binary-expr","locations":[{"start":{"line":15,"column":9},"end":{"line":15,"column":18}},{"start":{"line":15,"column":22},"end":{"line":15,"column":40}}]},"7":{"line":19,"type":"binary-expr","locations":[{"start":{"line":19,"column":10},"end":{"line":19,"column":13}},{"start":{"line":19,"column":17},"end":{"line":19,"column":27}}]},"8":{"line":22,"type":"if","locations":[{"start":{"line":22,"column":4},"end":{"line":22,"column":4}},{"start":{"line":22,"column":4},"end":{"line":22,"column":4}}]},"9":{"line":22,"type":"binary-expr","locations":[{"start":{"line":22,"column":8},"end":{"line":22,"column":12}},{"start":{"line":22,"column":16},"end":{"line":22,"column":27}}]},"10":{"line":33,"type":"if","locations":[{"start":{"line":33,"column":8},"end":{"line":33,"column":8}},{"start":{"line":33,"column":8},"end":{"line":33,"column":8}}]}},"code":["/**"," * Vue.js 2.0 plugin"," *"," */","'use strict';","","function formatComponentName (vm) {","    if (vm.$root === vm) {","        return 'root instance'","    }","    var name = vm._isVue","        ? vm.$options.name || vm.$options._componentTag","        : vm.name","    return (name ? 'component <' + name + '>' : 'anonymous component') +","        (vm._isVue && vm.$options.__file ? ' at ' + vm.$options.__file  : '')","}","","function vuePlugin(Raven, Vue) {","    Vue = Vue || window.Vue;","","    // quit if Vue isn't on the page","    if (!Vue || !Vue.config) return;","","    var _oldOnError = Vue.config.errorHandler;","    Vue.config.errorHandler = function VueErrorHandler(error, vm) {","        Raven.captureException(error, {","          extra: {","            componentName: formatComponentName(vm),","            propsData: vm.$options.propsData","          }","        });","","        if (typeof _oldOnError === 'function') {","            _oldOnError.call(this, error, vm);","        }","    };","}","","module.exports = vuePlugin;","",""],"l":{"7":1,"8":0,"9":0,"11":0,"14":0,"18":1,"19":0,"22":0,"24":0,"25":0,"26":0,"33":0,"34":0,"39":1}},"/home/travis/build/npmtest/node-npmtest-raven-js/node_modules/raven-js/template/_copyright.js":{"path":"/home/travis/build/npmtest/node-npmtest-raven-js/node_modules/raven-js/template/_copyright.js","s":{},"b":{},"f":{},"fnMap":{},"statementMap":{},"branchMap":{},"code":["/*! Raven.js <%= pkg.release %> (<%= gitinfo.local.branch.current.shortSHA %>) | github.com/getsentry/raven-js */","","/*"," * Includes TraceKit"," * https://github.com/getsentry/TraceKit"," *"," * Copyright <%= grunt.template.today('yyyy') %> Matt Robenolt and other contributors"," * Released under the BSD license"," * https://github.com/getsentry/raven-js/blob/master/LICENSE"," *"," */",""],"l":{}}}